<?xml version="1.0" encoding="UTF-8"?>
<testsuite xmlns:xsi="http://www.w3.org/2001/XMLSchema-instance" xsi:noNamespaceSchemaLocation="https://maven.apache.org/surefire/maven-surefire-plugin/xsd/surefire-test-report-3.0.xsd" version="3.0" name="test.login.LoginTest" time="12.876" tests="1" errors="0" skipped="0" failures="0">
  <properties>
[...]
</properties>
  <testcase name="testLogin" classname="test.login.LoginTest" time="4.429">
    <system-out><![CDATA[02:05:55.043 [AsyncHttpClient-1-1] DEBUG org.asynchttpclient.netty.channel.DefaultChannelPool -- Entry count for : http://localhost:29411 : 1
02:05:55.044 [AsyncHttpClient-1-1] DEBUG org.asynchttpclient.netty.channel.DefaultChannelPool -- Adding Candidate expired Channel [id: 0x4d66b2b8, L:/127.0.0.1:57263 ! R:localhost/127.0.0.1:29411] isIdleTimeoutExpired=false isRemotelyClosed=true isTtlExpired=false
02:05:55.044 [AsyncHttpClient-1-1] DEBUG org.asynchttpclient.netty.channel.DefaultChannelPool -- Closing Idle Channel [id: 0x4d66b2b8, L:/127.0.0.1:57263 ! R:localhost/127.0.0.1:29411]
02:05:55.046 [AsyncHttpClient-1-1] DEBUG org.asynchttpclient.netty.channel.DefaultChannelPool -- Closed 1 connections out of 1 in 2 ms
02:05:55.133 [AsyncHttpClient-1-5] DEBUG org.asynchttpclient.netty.channel.NettyConnectListener -- Using new Channel '[id: 0xc4fe7818, L:/127.0.0.1:57319 - R:localhost/127.0.0.1:20733]' for 'POST' to '/session'
02:05:59.069 [AsyncHttpClient-1-5] DEBUG org.asynchttpclient.netty.handler.HttpHandler -- 

Request DefaultHttpRequest(decodeResult: success, version: HTTP/1.1)
POST /session HTTP/1.1
User-Agent: selenium/4.9.1 (java windows)
Content-Length: 219
Content-Type: application/json; charset=utf-8
host: localhost:20733
accept: */*

Response DefaultHttpResponse(decodeResult: success, version: HTTP/1.1)
HTTP/1.1 200 OK
content-type: application/json; charset=utf-8
cache-control: no-cache
content-length: 792
date: Sun, 04 Jun 2023 01:05:55 GMT

02:05:59.071 [AsyncHttpClient-1-5] DEBUG org.asynchttpclient.netty.channel.ChannelManager -- Adding key: http://localhost:20733 for channel [id: 0xc4fe7818, L:/127.0.0.1:57319 - R:localhost/127.0.0.1:20733]
02:05:59.137 [AsyncHttpClient-1-6] DEBUG org.asynchttpclient.netty.channel.NettyConnectListener -- Using new Channel '[id: 0xf810c39e, L:/127.0.0.1:57334 - R:/127.0.0.1:43635]' for 'GET' to '/json/version'
02:05:59.145 [AsyncHttpClient-1-6] DEBUG org.asynchttpclient.netty.handler.HttpHandler -- 

Request DefaultFullHttpRequest(decodeResult: success, version: HTTP/1.1, content: EmptyByteBufBE)
GET /json/version HTTP/1.1
User-Agent: selenium/4.9.1 (java windows)
host: 127.0.0.1:43635
accept: */*

Response DefaultHttpResponse(decodeResult: success, version: HTTP/1.1)
HTTP/1.1 200 OK
content-type: application/json
content-security-policy: frame-ancestors 'none'
connection: close
server: httpd.js
date: Sun, 04 Jun 2023 01:05:59 GMT
content-length: 311

02:05:59.145 [AsyncHttpClient-1-6] DEBUG org.asynchttpclient.netty.channel.ChannelManager -- Closing Channel [id: 0xf810c39e, L:/127.0.0.1:57334 - R:/127.0.0.1:43635] 
02:05:59.146 [AsyncHttpClient-1-6] DEBUG org.asynchttpclient.netty.handler.HttpHandler -- Channel Closed: [id: 0xf810c39e, L:/127.0.0.1:57334 ! R:/127.0.0.1:43635] with attribute DISCARD
02:05:59.150 [Forwarding get on session 261b3ea0-4e28-472b-aa74-78aab093a166 to remote] DEBUG org.asynchttpclient.netty.request.NettyRequestSender -- Using pooled Channel '[id: 0xc4fe7818, L:/127.0.0.1:57319 - R:localhost/127.0.0.1:20733]' for 'POST' to 'http://localhost:20733/session/261b3ea0-4e28-472b-aa74-78aab093a166/url'
02:05:59.150 [Forwarding get on session 261b3ea0-4e28-472b-aa74-78aab093a166 to remote] DEBUG org.asynchttpclient.netty.request.NettyRequestSender -- Using open Channel [id: 0xc4fe7818, L:/127.0.0.1:57319 - R:localhost/127.0.0.1:20733] for POST '/session/261b3ea0-4e28-472b-aa74-78aab093a166/url'
02:06:00.903 [AsyncHttpClient-1-5] DEBUG org.asynchttpclient.netty.handler.HttpHandler -- 

Request DefaultHttpRequest(decodeResult: success, version: HTTP/1.1)
POST /session/261b3ea0-4e28-472b-aa74-78aab093a166/url HTTP/1.1
User-Agent: selenium/4.9.1 (java windows)
Content-Length: 70
Content-Type: application/json; charset=utf-8
host: localhost:20733
accept: */*

Response DefaultHttpResponse(decodeResult: success, version: HTTP/1.1)
HTTP/1.1 200 OK
content-type: application/json; charset=utf-8
cache-control: no-cache
content-length: 14
date: Sun, 04 Jun 2023 01:05:59 GMT

02:06:00.904 [AsyncHttpClient-1-5] DEBUG org.asynchttpclient.netty.channel.ChannelManager -- Adding key: http://localhost:20733 for channel [id: 0xc4fe7818, L:/127.0.0.1:57319 - R:localhost/127.0.0.1:20733]
02:06:00.913 [Forwarding findElement on session 261b3ea0-4e28-472b-aa74-78aab093a166 to remote] DEBUG org.asynchttpclient.netty.request.NettyRequestSender -- Using pooled Channel '[id: 0xc4fe7818, L:/127.0.0.1:57319 - R:localhost/127.0.0.1:20733]' for 'POST' to 'http://localhost:20733/session/261b3ea0-4e28-472b-aa74-78aab093a166/element'
02:06:00.913 [Forwarding findElement on session 261b3ea0-4e28-472b-aa74-78aab093a166 to remote] DEBUG org.asynchttpclient.netty.request.NettyRequestSender -- Using open Channel [id: 0xc4fe7818, L:/127.0.0.1:57319 - R:localhost/127.0.0.1:20733] for POST '/session/261b3ea0-4e28-472b-aa74-78aab093a166/element'
02:06:00.940 [AsyncHttpClient-1-5] DEBUG org.asynchttpclient.netty.handler.HttpHandler -- 

Request DefaultHttpRequest(decodeResult: success, version: HTTP/1.1)
POST /session/261b3ea0-4e28-472b-aa74-78aab093a166/element HTTP/1.1
User-Agent: selenium/4.9.1 (java windows)
Content-Length: 60
Content-Type: application/json; charset=utf-8
host: localhost:20733
accept: */*

Response DefaultHttpResponse(decodeResult: success, version: HTTP/1.1)
HTTP/1.1 404 Not Found
content-type: application/json; charset=utf-8
cache-control: no-cache
content-length: 412
date: Sun, 04 Jun 2023 01:06:00 GMT

02:06:00.940 [AsyncHttpClient-1-5] DEBUG org.asynchttpclient.netty.channel.ChannelManager -- Adding key: http://localhost:20733 for channel [id: 0xc4fe7818, L:/127.0.0.1:57319 - R:localhost/127.0.0.1:20733]
02:06:00.950 [Forwarding findElement on session 261b3ea0-4e28-472b-aa74-78aab093a166 to remote] DEBUG org.asynchttpclient.netty.request.NettyRequestSender -- Using pooled Channel '[id: 0xc4fe7818, L:/127.0.0.1:57319 - R:localhost/127.0.0.1:20733]' for 'POST' to 'http://localhost:20733/session/261b3ea0-4e28-472b-aa74-78aab093a166/element'
02:06:00.951 [Forwarding findElement on session 261b3ea0-4e28-472b-aa74-78aab093a166 to remote] DEBUG org.asynchttpclient.netty.request.NettyRequestSender -- Using open Channel [id: 0xc4fe7818, L:/127.0.0.1:57319 - R:localhost/127.0.0.1:20733] for POST '/session/261b3ea0-4e28-472b-aa74-78aab093a166/element'
02:06:00.963 [AsyncHttpClient-1-5] DEBUG org.asynchttpclient.netty.handler.HttpHandler -- 

Request DefaultHttpRequest(decodeResult: success, version: HTTP/1.1)
POST /session/261b3ea0-4e28-472b-aa74-78aab093a166/element HTTP/1.1
User-Agent: selenium/4.9.1 (java windows)
Content-Length: 127
Content-Type: application/json; charset=utf-8
host: localhost:20733
accept: */*

Response DefaultHttpResponse(decodeResult: success, version: HTTP/1.1)
HTTP/1.1 200 OK
content-type: application/json; charset=utf-8
cache-control: no-cache
content-length: 88
date: Sun, 04 Jun 2023 01:06:00 GMT

02:06:00.963 [AsyncHttpClient-1-5] DEBUG org.asynchttpclient.netty.channel.ChannelManager -- Adding key: http://localhost:20733 for channel [id: 0xc4fe7818, L:/127.0.0.1:57319 - R:localhost/127.0.0.1:20733]
02:06:00.974 [Forwarding isElementDisplayed on session 261b3ea0-4e28-472b-aa74-78aab093a166 to remote] DEBUG org.asynchttpclient.netty.request.NettyRequestSender -- Using pooled Channel '[id: 0xc4fe7818, L:/127.0.0.1:57319 - R:localhost/127.0.0.1:20733]' for 'POST' to 'http://localhost:20733/session/261b3ea0-4e28-472b-aa74-78aab093a166/execute/sync'
02:06:00.974 [Forwarding isElementDisplayed on session 261b3ea0-4e28-472b-aa74-78aab093a166 to remote] DEBUG org.asynchttpclient.netty.request.NettyRequestSender -- Using open Channel [id: 0xc4fe7818, L:/127.0.0.1:57319 - R:localhost/127.0.0.1:20733] for POST '/session/261b3ea0-4e28-472b-aa74-78aab093a166/execute/sync'
02:06:01.007 [AsyncHttpClient-1-5] DEBUG org.asynchttpclient.netty.handler.HttpHandler -- 

Request DefaultHttpRequest(decodeResult: success, version: HTTP/1.1)
POST /session/261b3ea0-4e28-472b-aa74-78aab093a166/execute/sync HTTP/1.1
User-Agent: selenium/4.9.1 (java windows)
Content-Length: 48807
Content-Type: application/json; charset=utf-8
host: localhost:20733
accept: */*

Response DefaultHttpResponse(decodeResult: success, version: HTTP/1.1)
HTTP/1.1 200 OK
content-type: application/json; charset=utf-8
cache-control: no-cache
content-length: 14
date: Sun, 04 Jun 2023 01:06:00 GMT

02:06:01.008 [AsyncHttpClient-1-5] DEBUG org.asynchttpclient.netty.channel.ChannelManager -- Adding key: http://localhost:20733 for channel [id: 0xc4fe7818, L:/127.0.0.1:57319 - R:localhost/127.0.0.1:20733]
02:06:01.011 [Forwarding findElement on session 261b3ea0-4e28-472b-aa74-78aab093a166 to remote] DEBUG org.asynchttpclient.netty.request.NettyRequestSender -- Using pooled Channel '[id: 0xc4fe7818, L:/127.0.0.1:57319 - R:localhost/127.0.0.1:20733]' for 'POST' to 'http://localhost:20733/session/261b3ea0-4e28-472b-aa74-78aab093a166/element'
02:06:01.011 [Forwarding findElement on session 261b3ea0-4e28-472b-aa74-78aab093a166 to remote] DEBUG org.asynchttpclient.netty.request.NettyRequestSender -- Using open Channel [id: 0xc4fe7818, L:/127.0.0.1:57319 - R:localhost/127.0.0.1:20733] for POST '/session/261b3ea0-4e28-472b-aa74-78aab093a166/element'
02:06:01.020 [AsyncHttpClient-1-5] DEBUG org.asynchttpclient.netty.handler.HttpHandler -- 

Request DefaultHttpRequest(decodeResult: success, version: HTTP/1.1)
POST /session/261b3ea0-4e28-472b-aa74-78aab093a166/element HTTP/1.1
User-Agent: selenium/4.9.1 (java windows)
Content-Length: 127
Content-Type: application/json; charset=utf-8
host: localhost:20733
accept: */*

Response DefaultHttpResponse(decodeResult: success, version: HTTP/1.1)
HTTP/1.1 200 OK
content-type: application/json; charset=utf-8
cache-control: no-cache
content-length: 88
date: Sun, 04 Jun 2023 01:06:00 GMT

02:06:01.021 [AsyncHttpClient-1-5] DEBUG org.asynchttpclient.netty.channel.ChannelManager -- Adding key: http://localhost:20733 for channel [id: 0xc4fe7818, L:/127.0.0.1:57319 - R:localhost/127.0.0.1:20733]
02:06:01.032 [Forwarding isElementDisplayed on session 261b3ea0-4e28-472b-aa74-78aab093a166 to remote] DEBUG org.asynchttpclient.netty.request.NettyRequestSender -- Using pooled Channel '[id: 0xc4fe7818, L:/127.0.0.1:57319 - R:localhost/127.0.0.1:20733]' for 'POST' to 'http://localhost:20733/session/261b3ea0-4e28-472b-aa74-78aab093a166/execute/sync'
02:06:01.032 [Forwarding isElementDisplayed on session 261b3ea0-4e28-472b-aa74-78aab093a166 to remote] DEBUG org.asynchttpclient.netty.request.NettyRequestSender -- Using open Channel [id: 0xc4fe7818, L:/127.0.0.1:57319 - R:localhost/127.0.0.1:20733] for POST '/session/261b3ea0-4e28-472b-aa74-78aab093a166/execute/sync'
02:06:01.060 [AsyncHttpClient-1-5] DEBUG org.asynchttpclient.netty.handler.HttpHandler -- 

Request DefaultHttpRequest(decodeResult: success, version: HTTP/1.1)
POST /session/261b3ea0-4e28-472b-aa74-78aab093a166/execute/sync HTTP/1.1
User-Agent: selenium/4.9.1 (java windows)
Content-Length: 48807
Content-Type: application/json; charset=utf-8
host: localhost:20733
accept: */*

Response DefaultHttpResponse(decodeResult: success, version: HTTP/1.1)
HTTP/1.1 200 OK
content-type: application/json; charset=utf-8
cache-control: no-cache
content-length: 14
date: Sun, 04 Jun 2023 01:06:00 GMT

02:06:01.061 [AsyncHttpClient-1-5] DEBUG org.asynchttpclient.netty.channel.ChannelManager -- Adding key: http://localhost:20733 for channel [id: 0xc4fe7818, L:/127.0.0.1:57319 - R:localhost/127.0.0.1:20733]
02:06:01.064 [Forwarding isElementEnabled on session 261b3ea0-4e28-472b-aa74-78aab093a166 to remote] DEBUG org.asynchttpclient.netty.request.NettyRequestSender -- Using pooled Channel '[id: 0xc4fe7818, L:/127.0.0.1:57319 - R:localhost/127.0.0.1:20733]' for 'GET' to 'http://localhost:20733/session/261b3ea0-4e28-472b-aa74-78aab093a166/element/885a4a18-cc64-47a0-a151-7e96e948e71b/enabled'
02:06:01.064 [Forwarding isElementEnabled on session 261b3ea0-4e28-472b-aa74-78aab093a166 to remote] DEBUG org.asynchttpclient.netty.request.NettyRequestSender -- Using open Channel [id: 0xc4fe7818, L:/127.0.0.1:57319 - R:localhost/127.0.0.1:20733] for GET '/session/261b3ea0-4e28-472b-aa74-78aab093a166/element/885a4a18-cc64-47a0-a151-7e96e948e71b/enabled'
02:06:01.111 [AsyncHttpClient-1-5] DEBUG org.asynchttpclient.netty.handler.HttpHandler -- 

Request DefaultFullHttpRequest(decodeResult: success, version: HTTP/1.1, content: EmptyByteBufBE)
GET /session/261b3ea0-4e28-472b-aa74-78aab093a166/element/885a4a18-cc64-47a0-a151-7e96e948e71b/enabled HTTP/1.1
User-Agent: selenium/4.9.1 (java windows)
Cache-Control: no-cache
Content-Type: application/json; charset=utf-8
host: localhost:20733
accept: */*

Response DefaultHttpResponse(decodeResult: success, version: HTTP/1.1)
HTTP/1.1 200 OK
content-type: application/json; charset=utf-8
cache-control: no-cache
content-length: 14
date: Sun, 04 Jun 2023 01:06:00 GMT

02:06:01.111 [AsyncHttpClient-1-5] DEBUG org.asynchttpclient.netty.channel.ChannelManager -- Adding key: http://localhost:20733 for channel [id: 0xc4fe7818, L:/127.0.0.1:57319 - R:localhost/127.0.0.1:20733]
02:06:01.114 [Forwarding clickElement on session 261b3ea0-4e28-472b-aa74-78aab093a166 to remote] DEBUG org.asynchttpclient.netty.request.NettyRequestSender -- Using pooled Channel '[id: 0xc4fe7818, L:/127.0.0.1:57319 - R:localhost/127.0.0.1:20733]' for 'POST' to 'http://localhost:20733/session/261b3ea0-4e28-472b-aa74-78aab093a166/element/885a4a18-cc64-47a0-a151-7e96e948e71b/click'
02:06:01.114 [Forwarding clickElement on session 261b3ea0-4e28-472b-aa74-78aab093a166 to remote] DEBUG org.asynchttpclient.netty.request.NettyRequestSender -- Using open Channel [id: 0xc4fe7818, L:/127.0.0.1:57319 - R:localhost/127.0.0.1:20733] for POST '/session/261b3ea0-4e28-472b-aa74-78aab093a166/element/885a4a18-cc64-47a0-a151-7e96e948e71b/click'
02:06:02.155 [AsyncHttpClient-1-5] DEBUG org.asynchttpclient.netty.handler.HttpHandler -- 

Request DefaultHttpRequest(decodeResult: success, version: HTTP/1.1)
POST /session/261b3ea0-4e28-472b-aa74-78aab093a166/element/885a4a18-cc64-47a0-a151-7e96e948e71b/click HTTP/1.1
User-Agent: selenium/4.9.1 (java windows)
Content-Length: 50
Content-Type: application/json; charset=utf-8
host: localhost:20733
accept: */*

Response DefaultHttpResponse(decodeResult: success, version: HTTP/1.1)
HTTP/1.1 200 OK
content-type: application/json; charset=utf-8
cache-control: no-cache
content-length: 14
date: Sun, 04 Jun 2023 01:06:00 GMT

02:06:02.157 [AsyncHttpClient-1-5] DEBUG org.asynchttpclient.netty.channel.ChannelManager -- Adding key: http://localhost:20733 for channel [id: 0xc4fe7818, L:/127.0.0.1:57319 - R:localhost/127.0.0.1:20733]
02:06:02.166 [Forwarding findElement on session 261b3ea0-4e28-472b-aa74-78aab093a166 to remote] DEBUG org.asynchttpclient.netty.request.NettyRequestSender -- Using pooled Channel '[id: 0xc4fe7818, L:/127.0.0.1:57319 - R:localhost/127.0.0.1:20733]' for 'POST' to 'http://localhost:20733/session/261b3ea0-4e28-472b-aa74-78aab093a166/element'
02:06:02.166 [Forwarding findElement on session 261b3ea0-4e28-472b-aa74-78aab093a166 to remote] DEBUG org.asynchttpclient.netty.request.NettyRequestSender -- Using open Channel [id: 0xc4fe7818, L:/127.0.0.1:57319 - R:localhost/127.0.0.1:20733] for POST '/session/261b3ea0-4e28-472b-aa74-78aab093a166/element'
02:06:02.188 [AsyncHttpClient-1-5] DEBUG org.asynchttpclient.netty.handler.HttpHandler -- 

Request DefaultHttpRequest(decodeResult: success, version: HTTP/1.1)
POST /session/261b3ea0-4e28-472b-aa74-78aab093a166/element HTTP/1.1
User-Agent: selenium/4.9.1 (java windows)
Content-Length: 55
Content-Type: application/json; charset=utf-8
host: localhost:20733
accept: */*

Response DefaultHttpResponse(decodeResult: success, version: HTTP/1.1)
HTTP/1.1 200 OK
content-type: application/json; charset=utf-8
cache-control: no-cache
content-length: 88
date: Sun, 04 Jun 2023 01:06:02 GMT

02:06:02.189 [AsyncHttpClient-1-5] DEBUG org.asynchttpclient.netty.channel.ChannelManager -- Adding key: http://localhost:20733 for channel [id: 0xc4fe7818, L:/127.0.0.1:57319 - R:localhost/127.0.0.1:20733]
02:06:02.197 [Forwarding sendKeysToElement on session 261b3ea0-4e28-472b-aa74-78aab093a166 to remote] DEBUG org.asynchttpclient.netty.request.NettyRequestSender -- Using pooled Channel '[id: 0xc4fe7818, L:/127.0.0.1:57319 - R:localhost/127.0.0.1:20733]' for 'POST' to 'http://localhost:20733/session/261b3ea0-4e28-472b-aa74-78aab093a166/element/fa9df3c3-ad0a-4291-b2f6-a226e49f6b8d/value'
02:06:02.197 [Forwarding sendKeysToElement on session 261b3ea0-4e28-472b-aa74-78aab093a166 to remote] DEBUG org.asynchttpclient.netty.request.NettyRequestSender -- Using open Channel [id: 0xc4fe7818, L:/127.0.0.1:57319 - R:localhost/127.0.0.1:20733] for POST '/session/261b3ea0-4e28-472b-aa74-78aab093a166/element/fa9df3c3-ad0a-4291-b2f6-a226e49f6b8d/value'
02:06:02.251 [AsyncHttpClient-1-5] DEBUG org.asynchttpclient.netty.handler.HttpHandler -- 

Request DefaultHttpRequest(decodeResult: success, version: HTTP/1.1)
POST /session/261b3ea0-4e28-472b-aa74-78aab093a166/element/fa9df3c3-ad0a-4291-b2f6-a226e49f6b8d/value HTTP/1.1
User-Agent: selenium/4.9.1 (java windows)
Content-Length: 311
Content-Type: application/json; charset=utf-8
host: localhost:20733
accept: */*

Response DefaultHttpResponse(decodeResult: success, version: HTTP/1.1)
HTTP/1.1 200 OK
content-type: application/json; charset=utf-8
cache-control: no-cache
content-length: 14
date: Sun, 04 Jun 2023 01:06:02 GMT

02:06:02.261 [AsyncHttpClient-1-5] DEBUG org.asynchttpclient.netty.channel.ChannelManager -- Adding key: http://localhost:20733 for channel [id: 0xc4fe7818, L:/127.0.0.1:57319 - R:localhost/127.0.0.1:20733]
02:06:02.264 [Forwarding findElement on session 261b3ea0-4e28-472b-aa74-78aab093a166 to remote] DEBUG org.asynchttpclient.netty.request.NettyRequestSender -- Using pooled Channel '[id: 0xc4fe7818, L:/127.0.0.1:57319 - R:localhost/127.0.0.1:20733]' for 'POST' to 'http://localhost:20733/session/261b3ea0-4e28-472b-aa74-78aab093a166/element'
02:06:02.264 [Forwarding findElement on session 261b3ea0-4e28-472b-aa74-78aab093a166 to remote] DEBUG org.asynchttpclient.netty.request.NettyRequestSender -- Using open Channel [id: 0xc4fe7818, L:/127.0.0.1:57319 - R:localhost/127.0.0.1:20733] for POST '/session/261b3ea0-4e28-472b-aa74-78aab093a166/element'
02:06:02.267 [AsyncHttpClient-1-5] DEBUG org.asynchttpclient.netty.handler.HttpHandler -- 

Request DefaultHttpRequest(decodeResult: success, version: HTTP/1.1)
POST /session/261b3ea0-4e28-472b-aa74-78aab093a166/element HTTP/1.1
User-Agent: selenium/4.9.1 (java windows)
Content-Length: 58
Content-Type: application/json; charset=utf-8
host: localhost:20733
accept: */*

Response DefaultHttpResponse(decodeResult: success, version: HTTP/1.1)
HTTP/1.1 200 OK
content-type: application/json; charset=utf-8
cache-control: no-cache
content-length: 88
date: Sun, 04 Jun 2023 01:06:02 GMT

02:06:02.267 [AsyncHttpClient-1-5] DEBUG org.asynchttpclient.netty.channel.ChannelManager -- Adding key: http://localhost:20733 for channel [id: 0xc4fe7818, L:/127.0.0.1:57319 - R:localhost/127.0.0.1:20733]
02:06:02.270 [Forwarding sendKeysToElement on session 261b3ea0-4e28-472b-aa74-78aab093a166 to remote] DEBUG org.asynchttpclient.netty.request.NettyRequestSender -- Using pooled Channel '[id: 0xc4fe7818, L:/127.0.0.1:57319 - R:localhost/127.0.0.1:20733]' for 'POST' to 'http://localhost:20733/session/261b3ea0-4e28-472b-aa74-78aab093a166/element/61ae9705-9b3a-404c-ad84-e05bba17063d/value'
02:06:02.270 [Forwarding sendKeysToElement on session 261b3ea0-4e28-472b-aa74-78aab093a166 to remote] DEBUG org.asynchttpclient.netty.request.NettyRequestSender -- Using open Channel [id: 0xc4fe7818, L:/127.0.0.1:57319 - R:localhost/127.0.0.1:20733] for POST '/session/261b3ea0-4e28-472b-aa74-78aab093a166/element/61ae9705-9b3a-404c-ad84-e05bba17063d/value'
02:06:02.339 [AsyncHttpClient-1-5] DEBUG org.asynchttpclient.netty.handler.HttpHandler -- 

Request DefaultHttpRequest(decodeResult: success, version: HTTP/1.1)
POST /session/261b3ea0-4e28-472b-aa74-78aab093a166/element/61ae9705-9b3a-404c-ad84-e05bba17063d/value HTTP/1.1
User-Agent: selenium/4.9.1 (java windows)
Content-Length: 161
Content-Type: application/json; charset=utf-8
host: localhost:20733
accept: */*

Response DefaultHttpResponse(decodeResult: success, version: HTTP/1.1)
HTTP/1.1 200 OK
content-type: application/json; charset=utf-8
cache-control: no-cache
content-length: 14
date: Sun, 04 Jun 2023 01:06:02 GMT

02:06:02.340 [AsyncHttpClient-1-5] DEBUG org.asynchttpclient.netty.channel.ChannelManager -- Adding key: http://localhost:20733 for channel [id: 0xc4fe7818, L:/127.0.0.1:57319 - R:localhost/127.0.0.1:20733]
02:06:02.343 [Forwarding findElement on session 261b3ea0-4e28-472b-aa74-78aab093a166 to remote] DEBUG org.asynchttpclient.netty.request.NettyRequestSender -- Using pooled Channel '[id: 0xc4fe7818, L:/127.0.0.1:57319 - R:localhost/127.0.0.1:20733]' for 'POST' to 'http://localhost:20733/session/261b3ea0-4e28-472b-aa74-78aab093a166/element'
02:06:02.343 [Forwarding findElement on session 261b3ea0-4e28-472b-aa74-78aab093a166 to remote] DEBUG org.asynchttpclient.netty.request.NettyRequestSender -- Using open Channel [id: 0xc4fe7818, L:/127.0.0.1:57319 - R:localhost/127.0.0.1:20733] for POST '/session/261b3ea0-4e28-472b-aa74-78aab093a166/element'
02:06:02.350 [AsyncHttpClient-1-5] DEBUG org.asynchttpclient.netty.handler.HttpHandler -- 

Request DefaultHttpRequest(decodeResult: success, version: HTTP/1.1)
POST /session/261b3ea0-4e28-472b-aa74-78aab093a166/element HTTP/1.1
User-Agent: selenium/4.9.1 (java windows)
Content-Length: 55
Content-Type: application/json; charset=utf-8
host: localhost:20733
accept: */*

Response DefaultHttpResponse(decodeResult: success, version: HTTP/1.1)
HTTP/1.1 200 OK
content-type: application/json; charset=utf-8
cache-control: no-cache
content-length: 88
date: Sun, 04 Jun 2023 01:06:02 GMT

02:06:02.350 [AsyncHttpClient-1-5] DEBUG org.asynchttpclient.netty.channel.ChannelManager -- Adding key: http://localhost:20733 for channel [id: 0xc4fe7818, L:/127.0.0.1:57319 - R:localhost/127.0.0.1:20733]
02:06:02.354 [Forwarding clickElement on session 261b3ea0-4e28-472b-aa74-78aab093a166 to remote] DEBUG org.asynchttpclient.netty.request.NettyRequestSender -- Using pooled Channel '[id: 0xc4fe7818, L:/127.0.0.1:57319 - R:localhost/127.0.0.1:20733]' for 'POST' to 'http://localhost:20733/session/261b3ea0-4e28-472b-aa74-78aab093a166/element/11afb0dc-cddb-4577-92cc-6b860ca9fb9e/click'
02:06:02.354 [Forwarding clickElement on session 261b3ea0-4e28-472b-aa74-78aab093a166 to remote] DEBUG org.asynchttpclient.netty.request.NettyRequestSender -- Using open Channel [id: 0xc4fe7818, L:/127.0.0.1:57319 - R:localhost/127.0.0.1:20733] for POST '/session/261b3ea0-4e28-472b-aa74-78aab093a166/element/11afb0dc-cddb-4577-92cc-6b860ca9fb9e/click'
02:06:02.673 [AsyncHttpClient-1-5] DEBUG org.asynchttpclient.netty.handler.HttpHandler -- 

Request DefaultHttpRequest(decodeResult: success, version: HTTP/1.1)
POST /session/261b3ea0-4e28-472b-aa74-78aab093a166/element/11afb0dc-cddb-4577-92cc-6b860ca9fb9e/click HTTP/1.1
User-Agent: selenium/4.9.1 (java windows)
Content-Length: 50
Content-Type: application/json; charset=utf-8
host: localhost:20733
accept: */*

Response DefaultHttpResponse(decodeResult: success, version: HTTP/1.1)
HTTP/1.1 200 OK
content-type: application/json; charset=utf-8
cache-control: no-cache
content-length: 14
date: Sun, 04 Jun 2023 01:06:02 GMT

02:06:02.674 [AsyncHttpClient-1-5] DEBUG org.asynchttpclient.netty.channel.ChannelManager -- Adding key: http://localhost:20733 for channel [id: 0xc4fe7818, L:/127.0.0.1:57319 - R:localhost/127.0.0.1:20733]
02:06:02.683 [Forwarding setTimeout on session 261b3ea0-4e28-472b-aa74-78aab093a166 to remote] DEBUG org.asynchttpclient.netty.request.NettyRequestSender -- Using pooled Channel '[id: 0xc4fe7818, L:/127.0.0.1:57319 - R:localhost/127.0.0.1:20733]' for 'POST' to 'http://localhost:20733/session/261b3ea0-4e28-472b-aa74-78aab093a166/timeouts'
02:06:02.684 [Forwarding setTimeout on session 261b3ea0-4e28-472b-aa74-78aab093a166 to remote] DEBUG org.asynchttpclient.netty.request.NettyRequestSender -- Using open Channel [id: 0xc4fe7818, L:/127.0.0.1:57319 - R:localhost/127.0.0.1:20733] for POST '/session/261b3ea0-4e28-472b-aa74-78aab093a166/timeouts'
02:06:02.695 [AsyncHttpClient-1-5] DEBUG org.asynchttpclient.netty.handler.HttpHandler -- 

Request DefaultHttpRequest(decodeResult: success, version: HTTP/1.1)
POST /session/261b3ea0-4e28-472b-aa74-78aab093a166/timeouts HTTP/1.1
User-Agent: selenium/4.9.1 (java windows)
Content-Length: 23
Content-Type: application/json; charset=utf-8
host: localhost:20733
accept: */*

Response DefaultHttpResponse(decodeResult: success, version: HTTP/1.1)
HTTP/1.1 200 OK
content-type: application/json; charset=utf-8
cache-control: no-cache
content-length: 14
date: Sun, 04 Jun 2023 01:06:02 GMT

02:06:02.696 [AsyncHttpClient-1-5] DEBUG org.asynchttpclient.netty.channel.ChannelManager -- Adding key: http://localhost:20733 for channel [id: 0xc4fe7818, L:/127.0.0.1:57319 - R:localhost/127.0.0.1:20733]
02:06:02.703 [Forwarding findElement on session 261b3ea0-4e28-472b-aa74-78aab093a166 to remote] DEBUG org.asynchttpclient.netty.request.NettyRequestSender -- Using pooled Channel '[id: 0xc4fe7818, L:/127.0.0.1:57319 - R:localhost/127.0.0.1:20733]' for 'POST' to 'http://localhost:20733/session/261b3ea0-4e28-472b-aa74-78aab093a166/element'
02:06:02.704 [Forwarding findElement on session 261b3ea0-4e28-472b-aa74-78aab093a166 to remote] DEBUG org.asynchttpclient.netty.request.NettyRequestSender -- Using open Channel [id: 0xc4fe7818, L:/127.0.0.1:57319 - R:localhost/127.0.0.1:20733] for POST '/session/261b3ea0-4e28-472b-aa74-78aab093a166/element'
02:06:03.940 [AsyncHttpClient-1-5] DEBUG org.asynchttpclient.netty.handler.HttpHandler -- 

Request DefaultHttpRequest(decodeResult: success, version: HTTP/1.1)
POST /session/261b3ea0-4e28-472b-aa74-78aab093a166/element HTTP/1.1
User-Agent: selenium/4.9.1 (java windows)
Content-Length: 65
Content-Type: application/json; charset=utf-8
host: localhost:20733
accept: */*

Response DefaultHttpResponse(decodeResult: success, version: HTTP/1.1)
HTTP/1.1 200 OK
content-type: application/json; charset=utf-8
cache-control: no-cache
content-length: 88
date: Sun, 04 Jun 2023 01:06:02 GMT

02:06:03.941 [AsyncHttpClient-1-5] DEBUG org.asynchttpclient.netty.channel.ChannelManager -- Adding key: http://localhost:20733 for channel [id: 0xc4fe7818, L:/127.0.0.1:57319 - R:localhost/127.0.0.1:20733]
02:06:03.949 [Forwarding isElementDisplayed on session 261b3ea0-4e28-472b-aa74-78aab093a166 to remote] DEBUG org.asynchttpclient.netty.request.NettyRequestSender -- Using pooled Channel '[id: 0xc4fe7818, L:/127.0.0.1:57319 - R:localhost/127.0.0.1:20733]' for 'POST' to 'http://localhost:20733/session/261b3ea0-4e28-472b-aa74-78aab093a166/execute/sync'
02:06:03.949 [Forwarding isElementDisplayed on session 261b3ea0-4e28-472b-aa74-78aab093a166 to remote] DEBUG org.asynchttpclient.netty.request.NettyRequestSender -- Using open Channel [id: 0xc4fe7818, L:/127.0.0.1:57319 - R:localhost/127.0.0.1:20733] for POST '/session/261b3ea0-4e28-472b-aa74-78aab093a166/execute/sync'
02:06:03.989 [AsyncHttpClient-1-5] DEBUG org.asynchttpclient.netty.handler.HttpHandler -- 

Request DefaultHttpRequest(decodeResult: success, version: HTTP/1.1)
POST /session/261b3ea0-4e28-472b-aa74-78aab093a166/execute/sync HTTP/1.1
User-Agent: selenium/4.9.1 (java windows)
Content-Length: 48807
Content-Type: application/json; charset=utf-8
host: localhost:20733
accept: */*

Response DefaultHttpResponse(decodeResult: success, version: HTTP/1.1)
HTTP/1.1 200 OK
content-type: application/json; charset=utf-8
cache-control: no-cache
content-length: 15
date: Sun, 04 Jun 2023 01:06:03 GMT

02:06:03.990 [AsyncHttpClient-1-5] DEBUG org.asynchttpclient.netty.channel.ChannelManager -- Adding key: http://localhost:20733 for channel [id: 0xc4fe7818, L:/127.0.0.1:57319 - R:localhost/127.0.0.1:20733]
02:06:04.503 [Forwarding isElementDisplayed on session 261b3ea0-4e28-472b-aa74-78aab093a166 to remote] DEBUG org.asynchttpclient.netty.request.NettyRequestSender -- Using pooled Channel '[id: 0xc4fe7818, L:/127.0.0.1:57319 - R:localhost/127.0.0.1:20733]' for 'POST' to 'http://localhost:20733/session/261b3ea0-4e28-472b-aa74-78aab093a166/execute/sync'
02:06:04.504 [Forwarding isElementDisplayed on session 261b3ea0-4e28-472b-aa74-78aab093a166 to remote] DEBUG org.asynchttpclient.netty.request.NettyRequestSender -- Using open Channel [id: 0xc4fe7818, L:/127.0.0.1:57319 - R:localhost/127.0.0.1:20733] for POST '/session/261b3ea0-4e28-472b-aa74-78aab093a166/execute/sync'
02:06:04.551 [AsyncHttpClient-1-5] DEBUG org.asynchttpclient.netty.handler.HttpHandler -- 

Request DefaultHttpRequest(decodeResult: success, version: HTTP/1.1)
POST /session/261b3ea0-4e28-472b-aa74-78aab093a166/execute/sync HTTP/1.1
User-Agent: selenium/4.9.1 (java windows)
Content-Length: 48807
Content-Type: application/json; charset=utf-8
host: localhost:20733
accept: */*

Response DefaultHttpResponse(decodeResult: success, version: HTTP/1.1)
HTTP/1.1 200 OK
content-type: application/json; charset=utf-8
cache-control: no-cache
content-length: 14
date: Sun, 04 Jun 2023 01:06:03 GMT

02:06:04.552 [AsyncHttpClient-1-5] DEBUG org.asynchttpclient.netty.channel.ChannelManager -- Adding key: http://localhost:20733 for channel [id: 0xc4fe7818, L:/127.0.0.1:57319 - R:localhost/127.0.0.1:20733]
02:06:04.554 [Forwarding isElementEnabled on session 261b3ea0-4e28-472b-aa74-78aab093a166 to remote] DEBUG org.asynchttpclient.netty.request.NettyRequestSender -- Using pooled Channel '[id: 0xc4fe7818, L:/127.0.0.1:57319 - R:localhost/127.0.0.1:20733]' for 'GET' to 'http://localhost:20733/session/261b3ea0-4e28-472b-aa74-78aab093a166/element/5ebbebc7-3272-4985-a1b2-02fd541bc60e/enabled'
02:06:04.554 [Forwarding isElementEnabled on session 261b3ea0-4e28-472b-aa74-78aab093a166 to remote] DEBUG org.asynchttpclient.netty.request.NettyRequestSender -- Using open Channel [id: 0xc4fe7818, L:/127.0.0.1:57319 - R:localhost/127.0.0.1:20733] for GET '/session/261b3ea0-4e28-472b-aa74-78aab093a166/element/5ebbebc7-3272-4985-a1b2-02fd541bc60e/enabled'
02:06:04.562 [AsyncHttpClient-1-5] DEBUG org.asynchttpclient.netty.handler.HttpHandler -- 

Request DefaultFullHttpRequest(decodeResult: success, version: HTTP/1.1, content: EmptyByteBufBE)
GET /session/261b3ea0-4e28-472b-aa74-78aab093a166/element/5ebbebc7-3272-4985-a1b2-02fd541bc60e/enabled HTTP/1.1
User-Agent: selenium/4.9.1 (java windows)
Cache-Control: no-cache
Content-Type: application/json; charset=utf-8
host: localhost:20733
accept: */*

Response DefaultHttpResponse(decodeResult: success, version: HTTP/1.1)
HTTP/1.1 200 OK
content-type: application/json; charset=utf-8
cache-control: no-cache
content-length: 14
date: Sun, 04 Jun 2023 01:06:03 GMT

02:06:04.563 [AsyncHttpClient-1-5] DEBUG org.asynchttpclient.netty.channel.ChannelManager -- Adding key: http://localhost:20733 for channel [id: 0xc4fe7818, L:/127.0.0.1:57319 - R:localhost/127.0.0.1:20733]
02:06:04.564 [Forwarding clickElement on session 261b3ea0-4e28-472b-aa74-78aab093a166 to remote] DEBUG org.asynchttpclient.netty.request.NettyRequestSender -- Using pooled Channel '[id: 0xc4fe7818, L:/127.0.0.1:57319 - R:localhost/127.0.0.1:20733]' for 'POST' to 'http://localhost:20733/session/261b3ea0-4e28-472b-aa74-78aab093a166/element/5ebbebc7-3272-4985-a1b2-02fd541bc60e/click'
02:06:04.564 [Forwarding clickElement on session 261b3ea0-4e28-472b-aa74-78aab093a166 to remote] DEBUG org.asynchttpclient.netty.request.NettyRequestSender -- Using open Channel [id: 0xc4fe7818, L:/127.0.0.1:57319 - R:localhost/127.0.0.1:20733] for POST '/session/261b3ea0-4e28-472b-aa74-78aab093a166/element/5ebbebc7-3272-4985-a1b2-02fd541bc60e/click'
02:06:04.809 [AsyncHttpClient-1-5] DEBUG org.asynchttpclient.netty.handler.HttpHandler -- 

Request DefaultHttpRequest(decodeResult: success, version: HTTP/1.1)
POST /session/261b3ea0-4e28-472b-aa74-78aab093a166/element/5ebbebc7-3272-4985-a1b2-02fd541bc60e/click HTTP/1.1
User-Agent: selenium/4.9.1 (java windows)
Content-Length: 50
Content-Type: application/json; charset=utf-8
host: localhost:20733
accept: */*

Response DefaultHttpResponse(decodeResult: success, version: HTTP/1.1)
HTTP/1.1 200 OK
content-type: application/json; charset=utf-8
cache-control: no-cache
content-length: 14
date: Sun, 04 Jun 2023 01:06:03 GMT

02:06:04.810 [AsyncHttpClient-1-5] DEBUG org.asynchttpclient.netty.channel.ChannelManager -- Adding key: http://localhost:20733 for channel [id: 0xc4fe7818, L:/127.0.0.1:57319 - R:localhost/127.0.0.1:20733]
02:06:04.812 [Forwarding findElement on session 261b3ea0-4e28-472b-aa74-78aab093a166 to remote] DEBUG org.asynchttpclient.netty.request.NettyRequestSender -- Using pooled Channel '[id: 0xc4fe7818, L:/127.0.0.1:57319 - R:localhost/127.0.0.1:20733]' for 'POST' to 'http://localhost:20733/session/261b3ea0-4e28-472b-aa74-78aab093a166/element'
02:06:04.812 [Forwarding findElement on session 261b3ea0-4e28-472b-aa74-78aab093a166 to remote] DEBUG org.asynchttpclient.netty.request.NettyRequestSender -- Using open Channel [id: 0xc4fe7818, L:/127.0.0.1:57319 - R:localhost/127.0.0.1:20733] for POST '/session/261b3ea0-4e28-472b-aa74-78aab093a166/element'
02:06:04.817 [AsyncHttpClient-1-5] DEBUG org.asynchttpclient.netty.handler.HttpHandler -- 

Request DefaultHttpRequest(decodeResult: success, version: HTTP/1.1)
POST /session/261b3ea0-4e28-472b-aa74-78aab093a166/element HTTP/1.1
User-Agent: selenium/4.9.1 (java windows)
Content-Length: 56
Content-Type: application/json; charset=utf-8
host: localhost:20733
accept: */*

Response DefaultHttpResponse(decodeResult: success, version: HTTP/1.1)
HTTP/1.1 200 OK
content-type: application/json; charset=utf-8
cache-control: no-cache
content-length: 88
date: Sun, 04 Jun 2023 01:06:03 GMT

02:06:04.817 [AsyncHttpClient-1-5] DEBUG org.asynchttpclient.netty.channel.ChannelManager -- Adding key: http://localhost:20733 for channel [id: 0xc4fe7818, L:/127.0.0.1:57319 - R:localhost/127.0.0.1:20733]
02:06:04.820 [Forwarding clickElement on session 261b3ea0-4e28-472b-aa74-78aab093a166 to remote] DEBUG org.asynchttpclient.netty.request.NettyRequestSender -- Using pooled Channel '[id: 0xc4fe7818, L:/127.0.0.1:57319 - R:localhost/127.0.0.1:20733]' for 'POST' to 'http://localhost:20733/session/261b3ea0-4e28-472b-aa74-78aab093a166/element/4a59fb76-17b0-404b-89eb-51a5e9640a38/click'
02:06:04.820 [Forwarding clickElement on session 261b3ea0-4e28-472b-aa74-78aab093a166 to remote] DEBUG org.asynchttpclient.netty.request.NettyRequestSender -- Using open Channel [id: 0xc4fe7818, L:/127.0.0.1:57319 - R:localhost/127.0.0.1:20733] for POST '/session/261b3ea0-4e28-472b-aa74-78aab093a166/element/4a59fb76-17b0-404b-89eb-51a5e9640a38/click'
02:06:05.054 [AsyncHttpClient-1-5] DEBUG org.asynchttpclient.netty.handler.HttpHandler -- 

Request DefaultHttpRequest(decodeResult: success, version: HTTP/1.1)
POST /session/261b3ea0-4e28-472b-aa74-78aab093a166/element/4a59fb76-17b0-404b-89eb-51a5e9640a38/click HTTP/1.1
User-Agent: selenium/4.9.1 (java windows)
Content-Length: 50
Content-Type: application/json; charset=utf-8
host: localhost:20733
accept: */*

Response DefaultHttpResponse(decodeResult: success, version: HTTP/1.1)
HTTP/1.1 200 OK
content-type: application/json; charset=utf-8
cache-control: no-cache
content-length: 14
date: Sun, 04 Jun 2023 01:06:03 GMT

02:06:05.055 [AsyncHttpClient-1-5] DEBUG org.asynchttpclient.netty.channel.ChannelManager -- Adding key: http://localhost:20733 for channel [id: 0xc4fe7818, L:/127.0.0.1:57319 - R:localhost/127.0.0.1:20733]
02:06:05.060 [Forwarding findElement on session 261b3ea0-4e28-472b-aa74-78aab093a166 to remote] DEBUG org.asynchttpclient.netty.request.NettyRequestSender -- Using pooled Channel '[id: 0xc4fe7818, L:/127.0.0.1:57319 - R:localhost/127.0.0.1:20733]' for 'POST' to 'http://localhost:20733/session/261b3ea0-4e28-472b-aa74-78aab093a166/element'
02:06:05.060 [Forwarding findElement on session 261b3ea0-4e28-472b-aa74-78aab093a166 to remote] DEBUG org.asynchttpclient.netty.request.NettyRequestSender -- Using open Channel [id: 0xc4fe7818, L:/127.0.0.1:57319 - R:localhost/127.0.0.1:20733] for POST '/session/261b3ea0-4e28-472b-aa74-78aab093a166/element'
02:06:05.067 [AsyncHttpClient-1-5] DEBUG org.asynchttpclient.netty.handler.HttpHandler -- 

Request DefaultHttpRequest(decodeResult: success, version: HTTP/1.1)
POST /session/261b3ea0-4e28-472b-aa74-78aab093a166/element HTTP/1.1
User-Agent: selenium/4.9.1 (java windows)
Content-Length: 67
Content-Type: application/json; charset=utf-8
host: localhost:20733
accept: */*

Response DefaultHttpResponse(decodeResult: success, version: HTTP/1.1)
HTTP/1.1 200 OK
content-type: application/json; charset=utf-8
cache-control: no-cache
content-length: 88
date: Sun, 04 Jun 2023 01:06:05 GMT

02:06:05.068 [AsyncHttpClient-1-5] DEBUG org.asynchttpclient.netty.channel.ChannelManager -- Adding key: http://localhost:20733 for channel [id: 0xc4fe7818, L:/127.0.0.1:57319 - R:localhost/127.0.0.1:20733]
02:06:05.070 [Forwarding clickElement on session 261b3ea0-4e28-472b-aa74-78aab093a166 to remote] DEBUG org.asynchttpclient.netty.request.NettyRequestSender -- Using pooled Channel '[id: 0xc4fe7818, L:/127.0.0.1:57319 - R:localhost/127.0.0.1:20733]' for 'POST' to 'http://localhost:20733/session/261b3ea0-4e28-472b-aa74-78aab093a166/element/69c32ea9-df94-4954-be00-78b812616061/click'
02:06:05.071 [Forwarding clickElement on session 261b3ea0-4e28-472b-aa74-78aab093a166 to remote] DEBUG org.asynchttpclient.netty.request.NettyRequestSender -- Using open Channel [id: 0xc4fe7818, L:/127.0.0.1:57319 - R:localhost/127.0.0.1:20733] for POST '/session/261b3ea0-4e28-472b-aa74-78aab093a166/element/69c32ea9-df94-4954-be00-78b812616061/click'
02:06:05.333 [AsyncHttpClient-1-5] DEBUG org.asynchttpclient.netty.handler.HttpHandler -- 

Request DefaultHttpRequest(decodeResult: success, version: HTTP/1.1)
POST /session/261b3ea0-4e28-472b-aa74-78aab093a166/element/69c32ea9-df94-4954-be00-78b812616061/click HTTP/1.1
User-Agent: selenium/4.9.1 (java windows)
Content-Length: 50
Content-Type: application/json; charset=utf-8
host: localhost:20733
accept: */*

Response DefaultHttpResponse(decodeResult: success, version: HTTP/1.1)
HTTP/1.1 200 OK
content-type: application/json; charset=utf-8
cache-control: no-cache
content-length: 14
date: Sun, 04 Jun 2023 01:06:05 GMT

02:06:05.333 [AsyncHttpClient-1-5] DEBUG org.asynchttpclient.netty.channel.ChannelManager -- Adding key: http://localhost:20733 for channel [id: 0xc4fe7818, L:/127.0.0.1:57319 - R:localhost/127.0.0.1:20733]
]]></system-out>
    <system-err><![CDATA[1685840754603	geckodriver	INFO	Listening on 127.0.0.1:20733
1685840755203	mozrunner::runner	INFO	Running command: "C:\\Program Files\\Mozilla Firefox\\firefox.exe" "--marionette" "--remote-debugging-port" "43635" "--remote ... ocalhost:43635/,http://[::1]:43635/" "-no-remote" "-profile" "C:\\Users\\hassen\\AppData\\Local\\Temp\\rust_mozprofileNfLmWD"
console.warn: services.settings: Ignoring preference override of remote settings server
console.warn: services.settings: Allow by setting MOZ_REMOTE_SETTINGS_DEVTOOLS=1 in the environment
1685840755781	Marionette	INFO	Marionette enabled
Dynamically enable window occlusion 0
1685840755791	Marionette	INFO	Listening on port 57322
Read port: 57322
WebDriver BiDi listening on ws://127.0.0.1:43635
1685840756124	RemoteAgent	WARN	TLS certificate errors will be ignored for this session
[ERROR glean_core] Error setting metrics feature config: Json(Error("EOF while parsing a value", line: 1, column: 0))
DevTools listening on ws://127.0.0.1:43635/devtools/browser/1c0ae7a6-80f0-4900-b8fd-755389337df1
JavaScript error: https://www.tutorialspoint.com/static/js/localization.js?v=3.2, line 78: TypeError: undefined currency in NumberFormat() with currency style
JavaScript warning: https://www.tutorialspoint.com/market/public/assets/js/bs/auth.js?v=1.07, line 441: unreachable code after return statement
JavaScript warning: https://www.tutorialspoint.com/market/public/assets/js/bs/auth.js?v=1.07, line 776: unreachable code after return statement
JavaScript error: https://www.tutorialspoint.com/market/login.asp line 2 > injectedScript, line 23: TypeError: this[0] is undefined
JavaScript error: https://www.tutorialspoint.com/market/login.asp line 2 > injectedScript, line 23: TypeError: this[0] is undefined
JavaScript error: https://www.tutorialspoint.com/market/login.asp line 2 > injectedScript, line 23: TypeError: this[0] is undefined
JavaScript error: https://www.tutorialspoint.com/market/login.asp line 2 > injectedScript, line 23: TypeError: this[0] is undefined
JavaScript error: https://www.tutorialspoint.com/market/login.asp line 2 > injectedScript, line 23: TypeError: this[0] is undefined
JavaScript error: https://www.tutorialspoint.com/market/login.asp line 2 > injectedScript, line 23: TypeError: this[0] is undefined
JavaScript error: https://www.tutorialspoint.com/market/login.asp line 2 > injectedScript, line 23: TypeError: this[0] is undefined
JavaScript error: https://www.tutorialspoint.com/market/login.asp line 2 > injectedScript, line 23: TypeError: this[0] is undefined
console.warn: LoginRecipes: "Falling back to a synchronous message for: https://www.tutorialspoint.com."
console.warn: LoginRecipes: "Falling back to a synchronous message for: https://www.tutorialspoint.com."
[Child 11760, Main Thread] WARNING: JSWindowActorChild::SendRawMessage (MarionetteCommands, MarionetteCommandsParent:findElement) not sent: !CanSend() || !mManager || !mManager->CanSend(): file /builds/worker/checkouts/gecko/dom/ipc/jsactor/JSWindowActorChild.cpp:57
]]></system-err>
  </testcase>
</testsuite>