<?xml version="1.0" encoding="UTF-8"?>
<testsuite xmlns:xsi="http://www.w3.org/2001/XMLSchema-instance" xsi:noNamespaceSchemaLocation="https://maven.apache.org/surefire/maven-surefire-plugin/xsd/surefire-test-report-3.0.xsd" version="3.0" name="test.login.ConsulterListTest" time="28.36" tests="1" errors="0" skipped="0" failures="0">
  <properties>
[...]
</properties>
  <testcase name="testList" classname="test.login.ConsulterListTest" time="13.107">
    <system-out><![CDATA[02:05:26.669 [main] DEBUG io.netty.util.internal.logging.InternalLoggerFactory -- Using SLF4J as the default logging framework
02:05:26.691 [main] DEBUG io.netty.util.ResourceLeakDetector -- -Dio.netty.leakDetection.level: simple
02:05:26.691 [main] DEBUG io.netty.util.ResourceLeakDetector -- -Dio.netty.leakDetection.targetRecords: 4
02:05:26.701 [main] DEBUG io.netty.util.ResourceLeakDetectorFactory -- Loaded default ResourceLeakDetector: io.netty.util.ResourceLeakDetector@561868a0
02:05:26.748 [main] DEBUG io.netty.util.internal.PlatformDependent0 -- -Dio.netty.noUnsafe: false
02:05:26.749 [main] DEBUG io.netty.util.internal.PlatformDependent0 -- Java version: 11
02:05:26.752 [main] DEBUG io.netty.util.internal.PlatformDependent0 -- sun.misc.Unsafe.theUnsafe: available
02:05:26.754 [main] DEBUG io.netty.util.internal.PlatformDependent0 -- sun.misc.Unsafe.copyMemory: available
02:05:26.758 [main] DEBUG io.netty.util.internal.PlatformDependent0 -- sun.misc.Unsafe.storeFence: available
02:05:26.761 [main] DEBUG io.netty.util.internal.PlatformDependent0 -- java.nio.Buffer.address: available
02:05:26.762 [main] DEBUG io.netty.util.internal.PlatformDependent0 -- direct buffer constructor: unavailable: Reflective setAccessible(true) disabled
02:05:26.767 [main] DEBUG io.netty.util.internal.PlatformDependent0 -- java.nio.Bits.unaligned: available, true
02:05:26.774 [main] DEBUG io.netty.util.internal.PlatformDependent0 -- jdk.internal.misc.Unsafe.allocateUninitializedArray(int): unavailable: class io.netty.util.internal.PlatformDependent0$7 cannot access class jdk.internal.misc.Unsafe (in module java.base) because module java.base does not export jdk.internal.misc to unnamed module @e8df99a
02:05:26.779 [main] DEBUG io.netty.util.internal.PlatformDependent0 -- java.nio.DirectByteBuffer.<init>(long, int): unavailable
02:05:26.779 [main] DEBUG io.netty.util.internal.PlatformDependent -- sun.misc.Unsafe: available
02:05:26.783 [main] DEBUG io.netty.util.internal.PlatformDependent -- maxDirectMemory: 4263510016 bytes (maybe)
02:05:26.783 [main] DEBUG io.netty.util.internal.PlatformDependent -- -Dio.netty.tmpdir: C:\Users\hassen\AppData\Local\Temp (java.io.tmpdir)
02:05:26.784 [main] DEBUG io.netty.util.internal.PlatformDependent -- -Dio.netty.bitMode: 64 (sun.arch.data.model)
02:05:26.785 [main] DEBUG io.netty.util.internal.PlatformDependent -- Platform: Windows
02:05:26.786 [main] DEBUG io.netty.util.internal.PlatformDependent -- -Dio.netty.maxDirectMemory: -1 bytes
02:05:26.787 [main] DEBUG io.netty.util.internal.PlatformDependent -- -Dio.netty.uninitializedArrayAllocationThreshold: -1
02:05:26.791 [main] DEBUG io.netty.util.internal.CleanerJava9 -- java.nio.ByteBuffer.cleaner(): available
02:05:26.792 [main] DEBUG io.netty.util.internal.PlatformDependent -- -Dio.netty.noPreferDirect: false
02:05:26.827 [main] DEBUG io.netty.util.internal.PlatformDependent -- org.jctools-core.MpscChunkedArrayQueue: available
02:05:26.872 [main] DEBUG io.netty.util.internal.InternalThreadLocalMap -- -Dio.netty.threadLocalMap.stringBuilder.initialSize: 1024
02:05:26.872 [main] DEBUG io.netty.util.internal.InternalThreadLocalMap -- -Dio.netty.threadLocalMap.stringBuilder.maxSize: 4096
02:05:27.624 [main] DEBUG io.netty.handler.ssl.JdkSslContext -- Default protocols (JDK): [TLSv1.3, TLSv1.2, TLSv1.1, TLSv1] 
02:05:27.624 [main] DEBUG io.netty.handler.ssl.JdkSslContext -- Default cipher suites (JDK): [TLS_ECDHE_ECDSA_WITH_AES_256_GCM_SHA384, TLS_ECDHE_ECDSA_WITH_AES_128_GCM_SHA256, TLS_ECDHE_RSA_WITH_AES_128_GCM_SHA256, TLS_ECDHE_RSA_WITH_AES_256_GCM_SHA384, TLS_ECDHE_RSA_WITH_AES_128_CBC_SHA, TLS_ECDHE_RSA_WITH_AES_256_CBC_SHA, TLS_RSA_WITH_AES_128_GCM_SHA256, TLS_RSA_WITH_AES_128_CBC_SHA, TLS_RSA_WITH_AES_256_CBC_SHA, TLS_AES_128_GCM_SHA256, TLS_AES_256_GCM_SHA384]
02:05:27.647 [main] DEBUG io.netty.util.concurrent.GlobalEventExecutor -- -Dio.netty.globalEventExecutor.quietPeriodSeconds: 1
02:05:27.678 [main] DEBUG io.netty.channel.MultithreadEventLoopGroup -- -Dio.netty.eventLoopThreads: 8
02:05:27.694 [main] DEBUG io.netty.channel.nio.NioEventLoop -- -Dio.netty.noKeySetOptimization: false
02:05:27.694 [main] DEBUG io.netty.channel.nio.NioEventLoop -- -Dio.netty.selectorAutoRebuildThreshold: 512
02:05:27.764 [main] DEBUG io.netty.buffer.PooledByteBufAllocator -- -Dio.netty.allocator.numHeapArenas: 8
02:05:27.764 [main] DEBUG io.netty.buffer.PooledByteBufAllocator -- -Dio.netty.allocator.numDirectArenas: 8
02:05:27.764 [main] DEBUG io.netty.buffer.PooledByteBufAllocator -- -Dio.netty.allocator.pageSize: 8192
02:05:27.764 [main] DEBUG io.netty.buffer.PooledByteBufAllocator -- -Dio.netty.allocator.maxOrder: 9
02:05:27.764 [main] DEBUG io.netty.buffer.PooledByteBufAllocator -- -Dio.netty.allocator.chunkSize: 4194304
02:05:27.764 [main] DEBUG io.netty.buffer.PooledByteBufAllocator -- -Dio.netty.allocator.smallCacheSize: 256
02:05:27.764 [main] DEBUG io.netty.buffer.PooledByteBufAllocator -- -Dio.netty.allocator.normalCacheSize: 64
02:05:27.764 [main] DEBUG io.netty.buffer.PooledByteBufAllocator -- -Dio.netty.allocator.maxCachedBufferCapacity: 32768
02:05:27.764 [main] DEBUG io.netty.buffer.PooledByteBufAllocator -- -Dio.netty.allocator.cacheTrimInterval: 8192
02:05:27.765 [main] DEBUG io.netty.buffer.PooledByteBufAllocator -- -Dio.netty.allocator.cacheTrimIntervalMillis: 0
02:05:27.765 [main] DEBUG io.netty.buffer.PooledByteBufAllocator -- -Dio.netty.allocator.useCacheForAllThreads: false
02:05:27.765 [main] DEBUG io.netty.buffer.PooledByteBufAllocator -- -Dio.netty.allocator.maxCachedByteBuffersPerChunk: 1023
02:05:27.786 [main] DEBUG io.netty.buffer.ByteBufUtil -- -Dio.netty.allocator.type: pooled
02:05:27.787 [main] DEBUG io.netty.buffer.ByteBufUtil -- -Dio.netty.threadLocalDirectBufferSize: 0
02:05:27.787 [main] DEBUG io.netty.buffer.ByteBufUtil -- -Dio.netty.maxThreadLocalCharBufferSize: 16384
02:05:28.766 [Forwarding newSession on session null to remote] DEBUG io.netty.channel.DefaultChannelId -- -Dio.netty.processId: 37312 (auto-detected)
02:05:28.770 [Forwarding newSession on session null to remote] DEBUG io.netty.util.NetUtil -- -Djava.net.preferIPv4Stack: false
02:05:28.770 [Forwarding newSession on session null to remote] DEBUG io.netty.util.NetUtil -- -Djava.net.preferIPv6Addresses: false
02:05:29.120 [Forwarding newSession on session null to remote] DEBUG io.netty.util.NetUtilInitializations -- Loopback interface: lo (Software Loopback Interface 1, 127.0.0.1)
02:05:29.121 [Forwarding newSession on session null to remote] DEBUG io.netty.util.NetUtil -- Failed to get SOMAXCONN from sysctl and file \proc\sys\net\core\somaxconn. Default: 200
02:05:29.145 [Forwarding newSession on session null to remote] DEBUG io.netty.channel.DefaultChannelId -- -Dio.netty.machineId: e4:b3:18:ff:fe:86:7a:0e (auto-detected)
02:05:29.232 [AsyncHttpClient-1-2] DEBUG io.netty.buffer.AbstractByteBuf -- -Dio.netty.buffer.checkAccessible: true
02:05:29.233 [AsyncHttpClient-1-2] DEBUG io.netty.buffer.AbstractByteBuf -- -Dio.netty.buffer.checkBounds: true
02:05:29.233 [AsyncHttpClient-1-2] DEBUG io.netty.util.ResourceLeakDetectorFactory -- Loaded default ResourceLeakDetector: io.netty.util.ResourceLeakDetector@4919b421
02:05:29.265 [AsyncHttpClient-1-2] DEBUG org.asynchttpclient.netty.channel.NettyConnectListener -- Using new Channel '[id: 0x4d66b2b8, L:/127.0.0.1:57263 - R:localhost/127.0.0.1:29411]' for 'POST' to '/session'
02:05:29.295 [AsyncHttpClient-1-2] DEBUG io.netty.util.Recycler -- -Dio.netty.recycler.maxCapacityPerThread: 4096
02:05:29.295 [AsyncHttpClient-1-2] DEBUG io.netty.util.Recycler -- -Dio.netty.recycler.ratio: 8
02:05:29.295 [AsyncHttpClient-1-2] DEBUG io.netty.util.Recycler -- -Dio.netty.recycler.chunkSize: 32
02:05:29.295 [AsyncHttpClient-1-2] DEBUG io.netty.util.Recycler -- -Dio.netty.recycler.blocking: false
02:05:29.295 [AsyncHttpClient-1-2] DEBUG io.netty.util.Recycler -- -Dio.netty.recycler.batchFastThreadLocalOnly: true
02:05:35.084 [AsyncHttpClient-1-2] DEBUG io.netty.handler.codec.compression.Brotli -- brotli4j not in the classpath; Brotli support will be unavailable.
02:05:35.084 [AsyncHttpClient-1-2] DEBUG org.asynchttpclient.netty.handler.HttpHandler -- 

Request DefaultHttpRequest(decodeResult: success, version: HTTP/1.1)
POST /session HTTP/1.1
User-Agent: selenium/4.9.1 (java windows)
Content-Length: 219
Content-Type: application/json; charset=utf-8
host: localhost:29411
accept: */*

Response DefaultHttpResponse(decodeResult: success, version: HTTP/1.1)
HTTP/1.1 200 OK
content-type: application/json; charset=utf-8
cache-control: no-cache
content-length: 790
date: Sun, 04 Jun 2023 01:05:28 GMT

02:05:35.102 [AsyncHttpClient-1-2] DEBUG org.asynchttpclient.netty.channel.ChannelManager -- Adding key: http://localhost:29411 for channel [id: 0x4d66b2b8, L:/127.0.0.1:57263 - R:localhost/127.0.0.1:29411]
02:05:35.246 [AsyncHttpClient-1-1] DEBUG org.asynchttpclient.netty.channel.DefaultChannelPool -- Entry count for : http://localhost:29411 : 1
02:05:35.416 [AsyncHttpClient-1-3] DEBUG org.asynchttpclient.netty.channel.NettyConnectListener -- Using new Channel '[id: 0x6fe4f0ea, L:/127.0.0.1:57282 - R:/127.0.0.1:3891]' for 'GET' to '/json/version'
02:05:35.429 [AsyncHttpClient-1-3] DEBUG org.asynchttpclient.netty.handler.HttpHandler -- 

Request DefaultFullHttpRequest(decodeResult: success, version: HTTP/1.1, content: EmptyByteBufBE)
GET /json/version HTTP/1.1
User-Agent: selenium/4.9.1 (java windows)
host: 127.0.0.1:3891
accept: */*

Response DefaultHttpResponse(decodeResult: success, version: HTTP/1.1)
HTTP/1.1 200 OK
content-type: application/json
content-security-policy: frame-ancestors 'none'
connection: close
server: httpd.js
date: Sun, 04 Jun 2023 01:05:35 GMT
content-length: 310

02:05:35.430 [AsyncHttpClient-1-3] DEBUG org.asynchttpclient.netty.channel.ChannelManager -- Closing Channel [id: 0x6fe4f0ea, L:/127.0.0.1:57282 - R:/127.0.0.1:3891] 
02:05:35.433 [AsyncHttpClient-1-3] DEBUG org.asynchttpclient.netty.handler.HttpHandler -- Channel Closed: [id: 0x6fe4f0ea, L:/127.0.0.1:57282 ! R:/127.0.0.1:3891] with attribute DISCARD
02:05:35.468 [Forwarding get on session a1ecd433-8c0c-43c7-850d-006c5622f942 to remote] DEBUG org.asynchttpclient.netty.request.NettyRequestSender -- Using pooled Channel '[id: 0x4d66b2b8, L:/127.0.0.1:57263 - R:localhost/127.0.0.1:29411]' for 'POST' to 'http://localhost:29411/session/a1ecd433-8c0c-43c7-850d-006c5622f942/url'
02:05:35.468 [Forwarding get on session a1ecd433-8c0c-43c7-850d-006c5622f942 to remote] DEBUG org.asynchttpclient.netty.request.NettyRequestSender -- Using open Channel [id: 0x4d66b2b8, L:/127.0.0.1:57263 - R:localhost/127.0.0.1:29411] for POST '/session/a1ecd433-8c0c-43c7-850d-006c5622f942/url'
02:05:38.652 [AsyncHttpClient-1-2] DEBUG org.asynchttpclient.netty.handler.HttpHandler -- 

Request DefaultHttpRequest(decodeResult: success, version: HTTP/1.1)
POST /session/a1ecd433-8c0c-43c7-850d-006c5622f942/url HTTP/1.1
User-Agent: selenium/4.9.1 (java windows)
Content-Length: 70
Content-Type: application/json; charset=utf-8
host: localhost:29411
accept: */*

Response DefaultHttpResponse(decodeResult: success, version: HTTP/1.1)
HTTP/1.1 200 OK
content-type: application/json; charset=utf-8
cache-control: no-cache
content-length: 14
date: Sun, 04 Jun 2023 01:05:35 GMT

02:05:38.652 [AsyncHttpClient-1-2] DEBUG org.asynchttpclient.netty.channel.ChannelManager -- Adding key: http://localhost:29411 for channel [id: 0x4d66b2b8, L:/127.0.0.1:57263 - R:localhost/127.0.0.1:29411]
02:05:38.796 [Forwarding findElement on session a1ecd433-8c0c-43c7-850d-006c5622f942 to remote] DEBUG org.asynchttpclient.netty.request.NettyRequestSender -- Using pooled Channel '[id: 0x4d66b2b8, L:/127.0.0.1:57263 - R:localhost/127.0.0.1:29411]' for 'POST' to 'http://localhost:29411/session/a1ecd433-8c0c-43c7-850d-006c5622f942/element'
02:05:38.797 [Forwarding findElement on session a1ecd433-8c0c-43c7-850d-006c5622f942 to remote] DEBUG org.asynchttpclient.netty.request.NettyRequestSender -- Using open Channel [id: 0x4d66b2b8, L:/127.0.0.1:57263 - R:localhost/127.0.0.1:29411] for POST '/session/a1ecd433-8c0c-43c7-850d-006c5622f942/element'
02:05:38.820 [AsyncHttpClient-1-2] DEBUG org.asynchttpclient.netty.handler.HttpHandler -- 

Request DefaultHttpRequest(decodeResult: success, version: HTTP/1.1)
POST /session/a1ecd433-8c0c-43c7-850d-006c5622f942/element HTTP/1.1
User-Agent: selenium/4.9.1 (java windows)
Content-Length: 60
Content-Type: application/json; charset=utf-8
host: localhost:29411
accept: */*

Response DefaultHttpResponse(decodeResult: success, version: HTTP/1.1)
HTTP/1.1 404 Not Found
content-type: application/json; charset=utf-8
cache-control: no-cache
content-length: 412
date: Sun, 04 Jun 2023 01:05:38 GMT

02:05:38.821 [AsyncHttpClient-1-2] DEBUG org.asynchttpclient.netty.channel.ChannelManager -- Adding key: http://localhost:29411 for channel [id: 0x4d66b2b8, L:/127.0.0.1:57263 - R:localhost/127.0.0.1:29411]
02:05:38.850 [Forwarding findElement on session a1ecd433-8c0c-43c7-850d-006c5622f942 to remote] DEBUG org.asynchttpclient.netty.request.NettyRequestSender -- Using pooled Channel '[id: 0x4d66b2b8, L:/127.0.0.1:57263 - R:localhost/127.0.0.1:29411]' for 'POST' to 'http://localhost:29411/session/a1ecd433-8c0c-43c7-850d-006c5622f942/element'
02:05:38.850 [Forwarding findElement on session a1ecd433-8c0c-43c7-850d-006c5622f942 to remote] DEBUG org.asynchttpclient.netty.request.NettyRequestSender -- Using open Channel [id: 0x4d66b2b8, L:/127.0.0.1:57263 - R:localhost/127.0.0.1:29411] for POST '/session/a1ecd433-8c0c-43c7-850d-006c5622f942/element'
02:05:38.866 [AsyncHttpClient-1-2] DEBUG org.asynchttpclient.netty.handler.HttpHandler -- 

Request DefaultHttpRequest(decodeResult: success, version: HTTP/1.1)
POST /session/a1ecd433-8c0c-43c7-850d-006c5622f942/element HTTP/1.1
User-Agent: selenium/4.9.1 (java windows)
Content-Length: 127
Content-Type: application/json; charset=utf-8
host: localhost:29411
accept: */*

Response DefaultHttpResponse(decodeResult: success, version: HTTP/1.1)
HTTP/1.1 200 OK
content-type: application/json; charset=utf-8
cache-control: no-cache
content-length: 88
date: Sun, 04 Jun 2023 01:05:38 GMT

02:05:38.867 [AsyncHttpClient-1-2] DEBUG org.asynchttpclient.netty.channel.ChannelManager -- Adding key: http://localhost:29411 for channel [id: 0x4d66b2b8, L:/127.0.0.1:57263 - R:localhost/127.0.0.1:29411]
02:05:38.908 [Forwarding isElementDisplayed on session a1ecd433-8c0c-43c7-850d-006c5622f942 to remote] DEBUG org.asynchttpclient.netty.request.NettyRequestSender -- Using pooled Channel '[id: 0x4d66b2b8, L:/127.0.0.1:57263 - R:localhost/127.0.0.1:29411]' for 'POST' to 'http://localhost:29411/session/a1ecd433-8c0c-43c7-850d-006c5622f942/execute/sync'
02:05:38.910 [Forwarding isElementDisplayed on session a1ecd433-8c0c-43c7-850d-006c5622f942 to remote] DEBUG org.asynchttpclient.netty.request.NettyRequestSender -- Using open Channel [id: 0x4d66b2b8, L:/127.0.0.1:57263 - R:localhost/127.0.0.1:29411] for POST '/session/a1ecd433-8c0c-43c7-850d-006c5622f942/execute/sync'
02:05:38.936 [AsyncHttpClient-1-2] DEBUG org.asynchttpclient.netty.handler.HttpHandler -- 

Request DefaultHttpRequest(decodeResult: success, version: HTTP/1.1)
POST /session/a1ecd433-8c0c-43c7-850d-006c5622f942/execute/sync HTTP/1.1
User-Agent: selenium/4.9.1 (java windows)
Content-Length: 48807
Content-Type: application/json; charset=utf-8
host: localhost:29411
accept: */*

Response DefaultHttpResponse(decodeResult: success, version: HTTP/1.1)
HTTP/1.1 200 OK
content-type: application/json; charset=utf-8
cache-control: no-cache
content-length: 14
date: Sun, 04 Jun 2023 01:05:38 GMT

02:05:38.936 [AsyncHttpClient-1-2] DEBUG org.asynchttpclient.netty.channel.ChannelManager -- Adding key: http://localhost:29411 for channel [id: 0x4d66b2b8, L:/127.0.0.1:57263 - R:localhost/127.0.0.1:29411]
02:05:38.941 [Forwarding findElement on session a1ecd433-8c0c-43c7-850d-006c5622f942 to remote] DEBUG org.asynchttpclient.netty.request.NettyRequestSender -- Using pooled Channel '[id: 0x4d66b2b8, L:/127.0.0.1:57263 - R:localhost/127.0.0.1:29411]' for 'POST' to 'http://localhost:29411/session/a1ecd433-8c0c-43c7-850d-006c5622f942/element'
02:05:38.941 [Forwarding findElement on session a1ecd433-8c0c-43c7-850d-006c5622f942 to remote] DEBUG org.asynchttpclient.netty.request.NettyRequestSender -- Using open Channel [id: 0x4d66b2b8, L:/127.0.0.1:57263 - R:localhost/127.0.0.1:29411] for POST '/session/a1ecd433-8c0c-43c7-850d-006c5622f942/element'
02:05:38.947 [AsyncHttpClient-1-2] DEBUG org.asynchttpclient.netty.handler.HttpHandler -- 

Request DefaultHttpRequest(decodeResult: success, version: HTTP/1.1)
POST /session/a1ecd433-8c0c-43c7-850d-006c5622f942/element HTTP/1.1
User-Agent: selenium/4.9.1 (java windows)
Content-Length: 127
Content-Type: application/json; charset=utf-8
host: localhost:29411
accept: */*

Response DefaultHttpResponse(decodeResult: success, version: HTTP/1.1)
HTTP/1.1 200 OK
content-type: application/json; charset=utf-8
cache-control: no-cache
content-length: 88
date: Sun, 04 Jun 2023 01:05:38 GMT

02:05:38.948 [AsyncHttpClient-1-2] DEBUG org.asynchttpclient.netty.channel.ChannelManager -- Adding key: http://localhost:29411 for channel [id: 0x4d66b2b8, L:/127.0.0.1:57263 - R:localhost/127.0.0.1:29411]
02:05:38.967 [Forwarding isElementDisplayed on session a1ecd433-8c0c-43c7-850d-006c5622f942 to remote] DEBUG org.asynchttpclient.netty.request.NettyRequestSender -- Using pooled Channel '[id: 0x4d66b2b8, L:/127.0.0.1:57263 - R:localhost/127.0.0.1:29411]' for 'POST' to 'http://localhost:29411/session/a1ecd433-8c0c-43c7-850d-006c5622f942/execute/sync'
02:05:38.967 [Forwarding isElementDisplayed on session a1ecd433-8c0c-43c7-850d-006c5622f942 to remote] DEBUG org.asynchttpclient.netty.request.NettyRequestSender -- Using open Channel [id: 0x4d66b2b8, L:/127.0.0.1:57263 - R:localhost/127.0.0.1:29411] for POST '/session/a1ecd433-8c0c-43c7-850d-006c5622f942/execute/sync'
02:05:38.988 [AsyncHttpClient-1-2] DEBUG org.asynchttpclient.netty.handler.HttpHandler -- 

Request DefaultHttpRequest(decodeResult: success, version: HTTP/1.1)
POST /session/a1ecd433-8c0c-43c7-850d-006c5622f942/execute/sync HTTP/1.1
User-Agent: selenium/4.9.1 (java windows)
Content-Length: 48807
Content-Type: application/json; charset=utf-8
host: localhost:29411
accept: */*

Response DefaultHttpResponse(decodeResult: success, version: HTTP/1.1)
HTTP/1.1 200 OK
content-type: application/json; charset=utf-8
cache-control: no-cache
content-length: 14
date: Sun, 04 Jun 2023 01:05:38 GMT

02:05:38.988 [AsyncHttpClient-1-2] DEBUG org.asynchttpclient.netty.channel.ChannelManager -- Adding key: http://localhost:29411 for channel [id: 0x4d66b2b8, L:/127.0.0.1:57263 - R:localhost/127.0.0.1:29411]
02:05:38.995 [Forwarding isElementEnabled on session a1ecd433-8c0c-43c7-850d-006c5622f942 to remote] DEBUG org.asynchttpclient.netty.request.NettyRequestSender -- Using pooled Channel '[id: 0x4d66b2b8, L:/127.0.0.1:57263 - R:localhost/127.0.0.1:29411]' for 'GET' to 'http://localhost:29411/session/a1ecd433-8c0c-43c7-850d-006c5622f942/element/cb7c8d00-6b01-42c4-a3ab-d2c4b1b32788/enabled'
02:05:38.996 [Forwarding isElementEnabled on session a1ecd433-8c0c-43c7-850d-006c5622f942 to remote] DEBUG org.asynchttpclient.netty.request.NettyRequestSender -- Using open Channel [id: 0x4d66b2b8, L:/127.0.0.1:57263 - R:localhost/127.0.0.1:29411] for GET '/session/a1ecd433-8c0c-43c7-850d-006c5622f942/element/cb7c8d00-6b01-42c4-a3ab-d2c4b1b32788/enabled'
02:05:39.034 [AsyncHttpClient-1-2] DEBUG org.asynchttpclient.netty.handler.HttpHandler -- 

Request DefaultFullHttpRequest(decodeResult: success, version: HTTP/1.1, content: EmptyByteBufBE)
GET /session/a1ecd433-8c0c-43c7-850d-006c5622f942/element/cb7c8d00-6b01-42c4-a3ab-d2c4b1b32788/enabled HTTP/1.1
User-Agent: selenium/4.9.1 (java windows)
Cache-Control: no-cache
Content-Type: application/json; charset=utf-8
host: localhost:29411
accept: */*

Response DefaultHttpResponse(decodeResult: success, version: HTTP/1.1)
HTTP/1.1 200 OK
content-type: application/json; charset=utf-8
cache-control: no-cache
content-length: 14
date: Sun, 04 Jun 2023 01:05:38 GMT

02:05:39.035 [AsyncHttpClient-1-2] DEBUG org.asynchttpclient.netty.channel.ChannelManager -- Adding key: http://localhost:29411 for channel [id: 0x4d66b2b8, L:/127.0.0.1:57263 - R:localhost/127.0.0.1:29411]
02:05:39.042 [Forwarding clickElement on session a1ecd433-8c0c-43c7-850d-006c5622f942 to remote] DEBUG org.asynchttpclient.netty.request.NettyRequestSender -- Using pooled Channel '[id: 0x4d66b2b8, L:/127.0.0.1:57263 - R:localhost/127.0.0.1:29411]' for 'POST' to 'http://localhost:29411/session/a1ecd433-8c0c-43c7-850d-006c5622f942/element/cb7c8d00-6b01-42c4-a3ab-d2c4b1b32788/click'
02:05:39.043 [Forwarding clickElement on session a1ecd433-8c0c-43c7-850d-006c5622f942 to remote] DEBUG org.asynchttpclient.netty.request.NettyRequestSender -- Using open Channel [id: 0x4d66b2b8, L:/127.0.0.1:57263 - R:localhost/127.0.0.1:29411] for POST '/session/a1ecd433-8c0c-43c7-850d-006c5622f942/element/cb7c8d00-6b01-42c4-a3ab-d2c4b1b32788/click'
02:05:39.907 [AsyncHttpClient-1-2] DEBUG org.asynchttpclient.netty.handler.HttpHandler -- 

Request DefaultHttpRequest(decodeResult: success, version: HTTP/1.1)
POST /session/a1ecd433-8c0c-43c7-850d-006c5622f942/element/cb7c8d00-6b01-42c4-a3ab-d2c4b1b32788/click HTTP/1.1
User-Agent: selenium/4.9.1 (java windows)
Content-Length: 50
Content-Type: application/json; charset=utf-8
host: localhost:29411
accept: */*

Response DefaultHttpResponse(decodeResult: success, version: HTTP/1.1)
HTTP/1.1 200 OK
content-type: application/json; charset=utf-8
cache-control: no-cache
content-length: 14
date: Sun, 04 Jun 2023 01:05:38 GMT

02:05:39.908 [AsyncHttpClient-1-2] DEBUG org.asynchttpclient.netty.channel.ChannelManager -- Adding key: http://localhost:29411 for channel [id: 0x4d66b2b8, L:/127.0.0.1:57263 - R:localhost/127.0.0.1:29411]
02:05:39.913 [Forwarding findElement on session a1ecd433-8c0c-43c7-850d-006c5622f942 to remote] DEBUG org.asynchttpclient.netty.request.NettyRequestSender -- Using pooled Channel '[id: 0x4d66b2b8, L:/127.0.0.1:57263 - R:localhost/127.0.0.1:29411]' for 'POST' to 'http://localhost:29411/session/a1ecd433-8c0c-43c7-850d-006c5622f942/element'
02:05:39.913 [Forwarding findElement on session a1ecd433-8c0c-43c7-850d-006c5622f942 to remote] DEBUG org.asynchttpclient.netty.request.NettyRequestSender -- Using open Channel [id: 0x4d66b2b8, L:/127.0.0.1:57263 - R:localhost/127.0.0.1:29411] for POST '/session/a1ecd433-8c0c-43c7-850d-006c5622f942/element'
02:05:39.918 [AsyncHttpClient-1-2] DEBUG org.asynchttpclient.netty.handler.HttpHandler -- 

Request DefaultHttpRequest(decodeResult: success, version: HTTP/1.1)
POST /session/a1ecd433-8c0c-43c7-850d-006c5622f942/element HTTP/1.1
User-Agent: selenium/4.9.1 (java windows)
Content-Length: 55
Content-Type: application/json; charset=utf-8
host: localhost:29411
accept: */*

Response DefaultHttpResponse(decodeResult: success, version: HTTP/1.1)
HTTP/1.1 200 OK
content-type: application/json; charset=utf-8
cache-control: no-cache
content-length: 88
date: Sun, 04 Jun 2023 01:05:39 GMT

02:05:39.919 [AsyncHttpClient-1-2] DEBUG org.asynchttpclient.netty.channel.ChannelManager -- Adding key: http://localhost:29411 for channel [id: 0x4d66b2b8, L:/127.0.0.1:57263 - R:localhost/127.0.0.1:29411]
02:05:39.931 [Forwarding sendKeysToElement on session a1ecd433-8c0c-43c7-850d-006c5622f942 to remote] DEBUG org.asynchttpclient.netty.request.NettyRequestSender -- Using pooled Channel '[id: 0x4d66b2b8, L:/127.0.0.1:57263 - R:localhost/127.0.0.1:29411]' for 'POST' to 'http://localhost:29411/session/a1ecd433-8c0c-43c7-850d-006c5622f942/element/f41b2bb9-0cfc-4307-9bc6-d96c4ebe4022/value'
02:05:39.931 [Forwarding sendKeysToElement on session a1ecd433-8c0c-43c7-850d-006c5622f942 to remote] DEBUG org.asynchttpclient.netty.request.NettyRequestSender -- Using open Channel [id: 0x4d66b2b8, L:/127.0.0.1:57263 - R:localhost/127.0.0.1:29411] for POST '/session/a1ecd433-8c0c-43c7-850d-006c5622f942/element/f41b2bb9-0cfc-4307-9bc6-d96c4ebe4022/value'
02:05:40.007 [AsyncHttpClient-1-2] DEBUG org.asynchttpclient.netty.handler.HttpHandler -- 

Request DefaultHttpRequest(decodeResult: success, version: HTTP/1.1)
POST /session/a1ecd433-8c0c-43c7-850d-006c5622f942/element/f41b2bb9-0cfc-4307-9bc6-d96c4ebe4022/value HTTP/1.1
User-Agent: selenium/4.9.1 (java windows)
Content-Length: 311
Content-Type: application/json; charset=utf-8
host: localhost:29411
accept: */*

Response DefaultHttpResponse(decodeResult: success, version: HTTP/1.1)
HTTP/1.1 200 OK
content-type: application/json; charset=utf-8
cache-control: no-cache
content-length: 14
date: Sun, 04 Jun 2023 01:05:39 GMT

02:05:40.008 [AsyncHttpClient-1-2] DEBUG org.asynchttpclient.netty.channel.ChannelManager -- Adding key: http://localhost:29411 for channel [id: 0x4d66b2b8, L:/127.0.0.1:57263 - R:localhost/127.0.0.1:29411]
02:05:40.014 [Forwarding findElement on session a1ecd433-8c0c-43c7-850d-006c5622f942 to remote] DEBUG org.asynchttpclient.netty.request.NettyRequestSender -- Using pooled Channel '[id: 0x4d66b2b8, L:/127.0.0.1:57263 - R:localhost/127.0.0.1:29411]' for 'POST' to 'http://localhost:29411/session/a1ecd433-8c0c-43c7-850d-006c5622f942/element'
02:05:40.014 [Forwarding findElement on session a1ecd433-8c0c-43c7-850d-006c5622f942 to remote] DEBUG org.asynchttpclient.netty.request.NettyRequestSender -- Using open Channel [id: 0x4d66b2b8, L:/127.0.0.1:57263 - R:localhost/127.0.0.1:29411] for POST '/session/a1ecd433-8c0c-43c7-850d-006c5622f942/element'
02:05:40.018 [AsyncHttpClient-1-2] DEBUG org.asynchttpclient.netty.handler.HttpHandler -- 

Request DefaultHttpRequest(decodeResult: success, version: HTTP/1.1)
POST /session/a1ecd433-8c0c-43c7-850d-006c5622f942/element HTTP/1.1
User-Agent: selenium/4.9.1 (java windows)
Content-Length: 58
Content-Type: application/json; charset=utf-8
host: localhost:29411
accept: */*

Response DefaultHttpResponse(decodeResult: success, version: HTTP/1.1)
HTTP/1.1 200 OK
content-type: application/json; charset=utf-8
cache-control: no-cache
content-length: 88
date: Sun, 04 Jun 2023 01:05:39 GMT

02:05:40.019 [AsyncHttpClient-1-2] DEBUG org.asynchttpclient.netty.channel.ChannelManager -- Adding key: http://localhost:29411 for channel [id: 0x4d66b2b8, L:/127.0.0.1:57263 - R:localhost/127.0.0.1:29411]
02:05:40.026 [Forwarding sendKeysToElement on session a1ecd433-8c0c-43c7-850d-006c5622f942 to remote] DEBUG org.asynchttpclient.netty.request.NettyRequestSender -- Using pooled Channel '[id: 0x4d66b2b8, L:/127.0.0.1:57263 - R:localhost/127.0.0.1:29411]' for 'POST' to 'http://localhost:29411/session/a1ecd433-8c0c-43c7-850d-006c5622f942/element/6527ac3f-d1ef-458f-966e-20482b94a464/value'
02:05:40.026 [Forwarding sendKeysToElement on session a1ecd433-8c0c-43c7-850d-006c5622f942 to remote] DEBUG org.asynchttpclient.netty.request.NettyRequestSender -- Using open Channel [id: 0x4d66b2b8, L:/127.0.0.1:57263 - R:localhost/127.0.0.1:29411] for POST '/session/a1ecd433-8c0c-43c7-850d-006c5622f942/element/6527ac3f-d1ef-458f-966e-20482b94a464/value'
02:05:40.138 [AsyncHttpClient-1-2] DEBUG org.asynchttpclient.netty.handler.HttpHandler -- 

Request DefaultHttpRequest(decodeResult: success, version: HTTP/1.1)
POST /session/a1ecd433-8c0c-43c7-850d-006c5622f942/element/6527ac3f-d1ef-458f-966e-20482b94a464/value HTTP/1.1
User-Agent: selenium/4.9.1 (java windows)
Content-Length: 161
Content-Type: application/json; charset=utf-8
host: localhost:29411
accept: */*

Response DefaultHttpResponse(decodeResult: success, version: HTTP/1.1)
HTTP/1.1 200 OK
content-type: application/json; charset=utf-8
cache-control: no-cache
content-length: 14
date: Sun, 04 Jun 2023 01:05:39 GMT

02:05:40.138 [AsyncHttpClient-1-2] DEBUG org.asynchttpclient.netty.channel.ChannelManager -- Adding key: http://localhost:29411 for channel [id: 0x4d66b2b8, L:/127.0.0.1:57263 - R:localhost/127.0.0.1:29411]
02:05:40.148 [Forwarding findElement on session a1ecd433-8c0c-43c7-850d-006c5622f942 to remote] DEBUG org.asynchttpclient.netty.request.NettyRequestSender -- Using pooled Channel '[id: 0x4d66b2b8, L:/127.0.0.1:57263 - R:localhost/127.0.0.1:29411]' for 'POST' to 'http://localhost:29411/session/a1ecd433-8c0c-43c7-850d-006c5622f942/element'
02:05:40.148 [Forwarding findElement on session a1ecd433-8c0c-43c7-850d-006c5622f942 to remote] DEBUG org.asynchttpclient.netty.request.NettyRequestSender -- Using open Channel [id: 0x4d66b2b8, L:/127.0.0.1:57263 - R:localhost/127.0.0.1:29411] for POST '/session/a1ecd433-8c0c-43c7-850d-006c5622f942/element'
02:05:40.154 [AsyncHttpClient-1-2] DEBUG org.asynchttpclient.netty.handler.HttpHandler -- 

Request DefaultHttpRequest(decodeResult: success, version: HTTP/1.1)
POST /session/a1ecd433-8c0c-43c7-850d-006c5622f942/element HTTP/1.1
User-Agent: selenium/4.9.1 (java windows)
Content-Length: 55
Content-Type: application/json; charset=utf-8
host: localhost:29411
accept: */*

Response DefaultHttpResponse(decodeResult: success, version: HTTP/1.1)
HTTP/1.1 200 OK
content-type: application/json; charset=utf-8
cache-control: no-cache
content-length: 88
date: Sun, 04 Jun 2023 01:05:39 GMT

02:05:40.154 [AsyncHttpClient-1-2] DEBUG org.asynchttpclient.netty.channel.ChannelManager -- Adding key: http://localhost:29411 for channel [id: 0x4d66b2b8, L:/127.0.0.1:57263 - R:localhost/127.0.0.1:29411]
02:05:40.163 [Forwarding clickElement on session a1ecd433-8c0c-43c7-850d-006c5622f942 to remote] DEBUG org.asynchttpclient.netty.request.NettyRequestSender -- Using pooled Channel '[id: 0x4d66b2b8, L:/127.0.0.1:57263 - R:localhost/127.0.0.1:29411]' for 'POST' to 'http://localhost:29411/session/a1ecd433-8c0c-43c7-850d-006c5622f942/element/2fa0ca64-44a5-4483-889a-788bcb971ebc/click'
02:05:40.164 [Forwarding clickElement on session a1ecd433-8c0c-43c7-850d-006c5622f942 to remote] DEBUG org.asynchttpclient.netty.request.NettyRequestSender -- Using open Channel [id: 0x4d66b2b8, L:/127.0.0.1:57263 - R:localhost/127.0.0.1:29411] for POST '/session/a1ecd433-8c0c-43c7-850d-006c5622f942/element/2fa0ca64-44a5-4483-889a-788bcb971ebc/click'
02:05:40.494 [AsyncHttpClient-1-2] DEBUG org.asynchttpclient.netty.handler.HttpHandler -- 

Request DefaultHttpRequest(decodeResult: success, version: HTTP/1.1)
POST /session/a1ecd433-8c0c-43c7-850d-006c5622f942/element/2fa0ca64-44a5-4483-889a-788bcb971ebc/click HTTP/1.1
User-Agent: selenium/4.9.1 (java windows)
Content-Length: 50
Content-Type: application/json; charset=utf-8
host: localhost:29411
accept: */*

Response DefaultHttpResponse(decodeResult: success, version: HTTP/1.1)
HTTP/1.1 200 OK
content-type: application/json; charset=utf-8
cache-control: no-cache
content-length: 14
date: Sun, 04 Jun 2023 01:05:39 GMT

02:05:40.495 [AsyncHttpClient-1-2] DEBUG org.asynchttpclient.netty.channel.ChannelManager -- Adding key: http://localhost:29411 for channel [id: 0x4d66b2b8, L:/127.0.0.1:57263 - R:localhost/127.0.0.1:29411]
02:05:40.502 [Forwarding setTimeout on session a1ecd433-8c0c-43c7-850d-006c5622f942 to remote] DEBUG org.asynchttpclient.netty.request.NettyRequestSender -- Using pooled Channel '[id: 0x4d66b2b8, L:/127.0.0.1:57263 - R:localhost/127.0.0.1:29411]' for 'POST' to 'http://localhost:29411/session/a1ecd433-8c0c-43c7-850d-006c5622f942/timeouts'
02:05:40.503 [Forwarding setTimeout on session a1ecd433-8c0c-43c7-850d-006c5622f942 to remote] DEBUG org.asynchttpclient.netty.request.NettyRequestSender -- Using open Channel [id: 0x4d66b2b8, L:/127.0.0.1:57263 - R:localhost/127.0.0.1:29411] for POST '/session/a1ecd433-8c0c-43c7-850d-006c5622f942/timeouts'
02:05:40.513 [AsyncHttpClient-1-2] DEBUG org.asynchttpclient.netty.handler.HttpHandler -- 

Request DefaultHttpRequest(decodeResult: success, version: HTTP/1.1)
POST /session/a1ecd433-8c0c-43c7-850d-006c5622f942/timeouts HTTP/1.1
User-Agent: selenium/4.9.1 (java windows)
Content-Length: 23
Content-Type: application/json; charset=utf-8
host: localhost:29411
accept: */*

Response DefaultHttpResponse(decodeResult: success, version: HTTP/1.1)
HTTP/1.1 200 OK
content-type: application/json; charset=utf-8
cache-control: no-cache
content-length: 14
date: Sun, 04 Jun 2023 01:05:39 GMT

02:05:40.513 [AsyncHttpClient-1-2] DEBUG org.asynchttpclient.netty.channel.ChannelManager -- Adding key: http://localhost:29411 for channel [id: 0x4d66b2b8, L:/127.0.0.1:57263 - R:localhost/127.0.0.1:29411]
02:05:40.517 [Forwarding findElement on session a1ecd433-8c0c-43c7-850d-006c5622f942 to remote] DEBUG org.asynchttpclient.netty.request.NettyRequestSender -- Using pooled Channel '[id: 0x4d66b2b8, L:/127.0.0.1:57263 - R:localhost/127.0.0.1:29411]' for 'POST' to 'http://localhost:29411/session/a1ecd433-8c0c-43c7-850d-006c5622f942/element'
02:05:40.517 [Forwarding findElement on session a1ecd433-8c0c-43c7-850d-006c5622f942 to remote] DEBUG org.asynchttpclient.netty.request.NettyRequestSender -- Using open Channel [id: 0x4d66b2b8, L:/127.0.0.1:57263 - R:localhost/127.0.0.1:29411] for POST '/session/a1ecd433-8c0c-43c7-850d-006c5622f942/element'
02:05:42.011 [AsyncHttpClient-1-2] DEBUG org.asynchttpclient.netty.handler.HttpHandler -- 

Request DefaultHttpRequest(decodeResult: success, version: HTTP/1.1)
POST /session/a1ecd433-8c0c-43c7-850d-006c5622f942/element HTTP/1.1
User-Agent: selenium/4.9.1 (java windows)
Content-Length: 65
Content-Type: application/json; charset=utf-8
host: localhost:29411
accept: */*

Response DefaultHttpResponse(decodeResult: success, version: HTTP/1.1)
HTTP/1.1 200 OK
content-type: application/json; charset=utf-8
cache-control: no-cache
content-length: 88
date: Sun, 04 Jun 2023 01:05:39 GMT

02:05:42.011 [AsyncHttpClient-1-2] DEBUG org.asynchttpclient.netty.channel.ChannelManager -- Adding key: http://localhost:29411 for channel [id: 0x4d66b2b8, L:/127.0.0.1:57263 - R:localhost/127.0.0.1:29411]
02:05:42.024 [Forwarding isElementDisplayed on session a1ecd433-8c0c-43c7-850d-006c5622f942 to remote] DEBUG org.asynchttpclient.netty.request.NettyRequestSender -- Using pooled Channel '[id: 0x4d66b2b8, L:/127.0.0.1:57263 - R:localhost/127.0.0.1:29411]' for 'POST' to 'http://localhost:29411/session/a1ecd433-8c0c-43c7-850d-006c5622f942/execute/sync'
02:05:42.024 [Forwarding isElementDisplayed on session a1ecd433-8c0c-43c7-850d-006c5622f942 to remote] DEBUG org.asynchttpclient.netty.request.NettyRequestSender -- Using open Channel [id: 0x4d66b2b8, L:/127.0.0.1:57263 - R:localhost/127.0.0.1:29411] for POST '/session/a1ecd433-8c0c-43c7-850d-006c5622f942/execute/sync'
02:05:42.061 [AsyncHttpClient-1-2] DEBUG org.asynchttpclient.netty.handler.HttpHandler -- 

Request DefaultHttpRequest(decodeResult: success, version: HTTP/1.1)
POST /session/a1ecd433-8c0c-43c7-850d-006c5622f942/execute/sync HTTP/1.1
User-Agent: selenium/4.9.1 (java windows)
Content-Length: 48807
Content-Type: application/json; charset=utf-8
host: localhost:29411
accept: */*

Response DefaultHttpResponse(decodeResult: success, version: HTTP/1.1)
HTTP/1.1 200 OK
content-type: application/json; charset=utf-8
cache-control: no-cache
content-length: 15
date: Sun, 04 Jun 2023 01:05:42 GMT

02:05:42.061 [AsyncHttpClient-1-2] DEBUG org.asynchttpclient.netty.channel.ChannelManager -- Adding key: http://localhost:29411 for channel [id: 0x4d66b2b8, L:/127.0.0.1:57263 - R:localhost/127.0.0.1:29411]
02:05:42.597 [Forwarding isElementDisplayed on session a1ecd433-8c0c-43c7-850d-006c5622f942 to remote] DEBUG org.asynchttpclient.netty.request.NettyRequestSender -- Using pooled Channel '[id: 0x4d66b2b8, L:/127.0.0.1:57263 - R:localhost/127.0.0.1:29411]' for 'POST' to 'http://localhost:29411/session/a1ecd433-8c0c-43c7-850d-006c5622f942/execute/sync'
02:05:42.598 [Forwarding isElementDisplayed on session a1ecd433-8c0c-43c7-850d-006c5622f942 to remote] DEBUG org.asynchttpclient.netty.request.NettyRequestSender -- Using open Channel [id: 0x4d66b2b8, L:/127.0.0.1:57263 - R:localhost/127.0.0.1:29411] for POST '/session/a1ecd433-8c0c-43c7-850d-006c5622f942/execute/sync'
02:05:42.679 [AsyncHttpClient-1-2] DEBUG org.asynchttpclient.netty.handler.HttpHandler -- 

Request DefaultHttpRequest(decodeResult: success, version: HTTP/1.1)
POST /session/a1ecd433-8c0c-43c7-850d-006c5622f942/execute/sync HTTP/1.1
User-Agent: selenium/4.9.1 (java windows)
Content-Length: 48807
Content-Type: application/json; charset=utf-8
host: localhost:29411
accept: */*

Response DefaultHttpResponse(decodeResult: success, version: HTTP/1.1)
HTTP/1.1 200 OK
content-type: application/json; charset=utf-8
cache-control: no-cache
content-length: 14
date: Sun, 04 Jun 2023 01:05:42 GMT

02:05:42.679 [AsyncHttpClient-1-2] DEBUG org.asynchttpclient.netty.channel.ChannelManager -- Adding key: http://localhost:29411 for channel [id: 0x4d66b2b8, L:/127.0.0.1:57263 - R:localhost/127.0.0.1:29411]
02:05:42.683 [Forwarding isElementEnabled on session a1ecd433-8c0c-43c7-850d-006c5622f942 to remote] DEBUG org.asynchttpclient.netty.request.NettyRequestSender -- Using pooled Channel '[id: 0x4d66b2b8, L:/127.0.0.1:57263 - R:localhost/127.0.0.1:29411]' for 'GET' to 'http://localhost:29411/session/a1ecd433-8c0c-43c7-850d-006c5622f942/element/80b52583-f456-4a33-b279-3033b43fc7c5/enabled'
02:05:42.683 [Forwarding isElementEnabled on session a1ecd433-8c0c-43c7-850d-006c5622f942 to remote] DEBUG org.asynchttpclient.netty.request.NettyRequestSender -- Using open Channel [id: 0x4d66b2b8, L:/127.0.0.1:57263 - R:localhost/127.0.0.1:29411] for GET '/session/a1ecd433-8c0c-43c7-850d-006c5622f942/element/80b52583-f456-4a33-b279-3033b43fc7c5/enabled'
02:05:42.701 [AsyncHttpClient-1-2] DEBUG org.asynchttpclient.netty.handler.HttpHandler -- 

Request DefaultFullHttpRequest(decodeResult: success, version: HTTP/1.1, content: EmptyByteBufBE)
GET /session/a1ecd433-8c0c-43c7-850d-006c5622f942/element/80b52583-f456-4a33-b279-3033b43fc7c5/enabled HTTP/1.1
User-Agent: selenium/4.9.1 (java windows)
Cache-Control: no-cache
Content-Type: application/json; charset=utf-8
host: localhost:29411
accept: */*

Response DefaultHttpResponse(decodeResult: success, version: HTTP/1.1)
HTTP/1.1 200 OK
content-type: application/json; charset=utf-8
cache-control: no-cache
content-length: 14
date: Sun, 04 Jun 2023 01:05:42 GMT

02:05:42.701 [AsyncHttpClient-1-2] DEBUG org.asynchttpclient.netty.channel.ChannelManager -- Adding key: http://localhost:29411 for channel [id: 0x4d66b2b8, L:/127.0.0.1:57263 - R:localhost/127.0.0.1:29411]
02:05:42.704 [Forwarding clickElement on session a1ecd433-8c0c-43c7-850d-006c5622f942 to remote] DEBUG org.asynchttpclient.netty.request.NettyRequestSender -- Using pooled Channel '[id: 0x4d66b2b8, L:/127.0.0.1:57263 - R:localhost/127.0.0.1:29411]' for 'POST' to 'http://localhost:29411/session/a1ecd433-8c0c-43c7-850d-006c5622f942/element/80b52583-f456-4a33-b279-3033b43fc7c5/click'
02:05:42.705 [Forwarding clickElement on session a1ecd433-8c0c-43c7-850d-006c5622f942 to remote] DEBUG org.asynchttpclient.netty.request.NettyRequestSender -- Using open Channel [id: 0x4d66b2b8, L:/127.0.0.1:57263 - R:localhost/127.0.0.1:29411] for POST '/session/a1ecd433-8c0c-43c7-850d-006c5622f942/element/80b52583-f456-4a33-b279-3033b43fc7c5/click'
02:05:43.092 [AsyncHttpClient-1-2] DEBUG org.asynchttpclient.netty.handler.HttpHandler -- 

Request DefaultHttpRequest(decodeResult: success, version: HTTP/1.1)
POST /session/a1ecd433-8c0c-43c7-850d-006c5622f942/element/80b52583-f456-4a33-b279-3033b43fc7c5/click HTTP/1.1
User-Agent: selenium/4.9.1 (java windows)
Content-Length: 50
Content-Type: application/json; charset=utf-8
host: localhost:29411
accept: */*

Response DefaultHttpResponse(decodeResult: success, version: HTTP/1.1)
HTTP/1.1 200 OK
content-type: application/json; charset=utf-8
cache-control: no-cache
content-length: 14
date: Sun, 04 Jun 2023 01:05:42 GMT

02:05:43.093 [AsyncHttpClient-1-2] DEBUG org.asynchttpclient.netty.channel.ChannelManager -- Adding key: http://localhost:29411 for channel [id: 0x4d66b2b8, L:/127.0.0.1:57263 - R:localhost/127.0.0.1:29411]
02:05:43.100 [Forwarding findElement on session a1ecd433-8c0c-43c7-850d-006c5622f942 to remote] DEBUG org.asynchttpclient.netty.request.NettyRequestSender -- Using pooled Channel '[id: 0x4d66b2b8, L:/127.0.0.1:57263 - R:localhost/127.0.0.1:29411]' for 'POST' to 'http://localhost:29411/session/a1ecd433-8c0c-43c7-850d-006c5622f942/element'
02:05:43.101 [Forwarding findElement on session a1ecd433-8c0c-43c7-850d-006c5622f942 to remote] DEBUG org.asynchttpclient.netty.request.NettyRequestSender -- Using open Channel [id: 0x4d66b2b8, L:/127.0.0.1:57263 - R:localhost/127.0.0.1:29411] for POST '/session/a1ecd433-8c0c-43c7-850d-006c5622f942/element'
02:05:43.125 [AsyncHttpClient-1-2] DEBUG org.asynchttpclient.netty.handler.HttpHandler -- 

Request DefaultHttpRequest(decodeResult: success, version: HTTP/1.1)
POST /session/a1ecd433-8c0c-43c7-850d-006c5622f942/element HTTP/1.1
User-Agent: selenium/4.9.1 (java windows)
Content-Length: 67
Content-Type: application/json; charset=utf-8
host: localhost:29411
accept: */*

Response DefaultHttpResponse(decodeResult: success, version: HTTP/1.1)
HTTP/1.1 200 OK
content-type: application/json; charset=utf-8
cache-control: no-cache
content-length: 88
date: Sun, 04 Jun 2023 01:05:43 GMT

02:05:43.126 [AsyncHttpClient-1-2] DEBUG org.asynchttpclient.netty.channel.ChannelManager -- Adding key: http://localhost:29411 for channel [id: 0x4d66b2b8, L:/127.0.0.1:57263 - R:localhost/127.0.0.1:29411]
02:05:43.136 [Forwarding clickElement on session a1ecd433-8c0c-43c7-850d-006c5622f942 to remote] DEBUG org.asynchttpclient.netty.request.NettyRequestSender -- Using pooled Channel '[id: 0x4d66b2b8, L:/127.0.0.1:57263 - R:localhost/127.0.0.1:29411]' for 'POST' to 'http://localhost:29411/session/a1ecd433-8c0c-43c7-850d-006c5622f942/element/bb14c892-1495-4214-b203-ee9cce4d3f59/click'
02:05:43.137 [Forwarding clickElement on session a1ecd433-8c0c-43c7-850d-006c5622f942 to remote] DEBUG org.asynchttpclient.netty.request.NettyRequestSender -- Using open Channel [id: 0x4d66b2b8, L:/127.0.0.1:57263 - R:localhost/127.0.0.1:29411] for POST '/session/a1ecd433-8c0c-43c7-850d-006c5622f942/element/bb14c892-1495-4214-b203-ee9cce4d3f59/click'
02:05:43.476 [AsyncHttpClient-1-2] DEBUG org.asynchttpclient.netty.handler.HttpHandler -- 

Request DefaultHttpRequest(decodeResult: success, version: HTTP/1.1)
POST /session/a1ecd433-8c0c-43c7-850d-006c5622f942/element/bb14c892-1495-4214-b203-ee9cce4d3f59/click HTTP/1.1
User-Agent: selenium/4.9.1 (java windows)
Content-Length: 50
Content-Type: application/json; charset=utf-8
host: localhost:29411
accept: */*

Response DefaultHttpResponse(decodeResult: success, version: HTTP/1.1)
HTTP/1.1 200 OK
content-type: application/json; charset=utf-8
cache-control: no-cache
content-length: 14
date: Sun, 04 Jun 2023 01:05:43 GMT

02:05:43.477 [AsyncHttpClient-1-2] DEBUG org.asynchttpclient.netty.channel.ChannelManager -- Adding key: http://localhost:29411 for channel [id: 0x4d66b2b8, L:/127.0.0.1:57263 - R:localhost/127.0.0.1:29411]
02:05:43.485 [Forwarding findElement on session a1ecd433-8c0c-43c7-850d-006c5622f942 to remote] DEBUG org.asynchttpclient.netty.request.NettyRequestSender -- Using pooled Channel '[id: 0x4d66b2b8, L:/127.0.0.1:57263 - R:localhost/127.0.0.1:29411]' for 'POST' to 'http://localhost:29411/session/a1ecd433-8c0c-43c7-850d-006c5622f942/element'
02:05:43.485 [Forwarding findElement on session a1ecd433-8c0c-43c7-850d-006c5622f942 to remote] DEBUG org.asynchttpclient.netty.request.NettyRequestSender -- Using open Channel [id: 0x4d66b2b8, L:/127.0.0.1:57263 - R:localhost/127.0.0.1:29411] for POST '/session/a1ecd433-8c0c-43c7-850d-006c5622f942/element'
02:05:43.499 [AsyncHttpClient-1-2] DEBUG org.asynchttpclient.netty.handler.HttpHandler -- 

Request DefaultHttpRequest(decodeResult: success, version: HTTP/1.1)
POST /session/a1ecd433-8c0c-43c7-850d-006c5622f942/element HTTP/1.1
User-Agent: selenium/4.9.1 (java windows)
Content-Length: 156
Content-Type: application/json; charset=utf-8
host: localhost:29411
accept: */*

Response DefaultHttpResponse(decodeResult: success, version: HTTP/1.1)
HTTP/1.1 200 OK
content-type: application/json; charset=utf-8
cache-control: no-cache
content-length: 88
date: Sun, 04 Jun 2023 01:05:43 GMT

02:05:43.500 [AsyncHttpClient-1-2] DEBUG org.asynchttpclient.netty.channel.ChannelManager -- Adding key: http://localhost:29411 for channel [id: 0x4d66b2b8, L:/127.0.0.1:57263 - R:localhost/127.0.0.1:29411]
02:05:43.504 [Forwarding clickElement on session a1ecd433-8c0c-43c7-850d-006c5622f942 to remote] DEBUG org.asynchttpclient.netty.request.NettyRequestSender -- Using pooled Channel '[id: 0x4d66b2b8, L:/127.0.0.1:57263 - R:localhost/127.0.0.1:29411]' for 'POST' to 'http://localhost:29411/session/a1ecd433-8c0c-43c7-850d-006c5622f942/element/d9a4e507-06af-43a9-8256-cf0143562055/click'
02:05:43.505 [Forwarding clickElement on session a1ecd433-8c0c-43c7-850d-006c5622f942 to remote] DEBUG org.asynchttpclient.netty.request.NettyRequestSender -- Using open Channel [id: 0x4d66b2b8, L:/127.0.0.1:57263 - R:localhost/127.0.0.1:29411] for POST '/session/a1ecd433-8c0c-43c7-850d-006c5622f942/element/d9a4e507-06af-43a9-8256-cf0143562055/click'
02:05:45.950 [AsyncHttpClient-1-2] DEBUG org.asynchttpclient.netty.handler.HttpHandler -- 

Request DefaultHttpRequest(decodeResult: success, version: HTTP/1.1)
POST /session/a1ecd433-8c0c-43c7-850d-006c5622f942/element/d9a4e507-06af-43a9-8256-cf0143562055/click HTTP/1.1
User-Agent: selenium/4.9.1 (java windows)
Content-Length: 50
Content-Type: application/json; charset=utf-8
host: localhost:29411
accept: */*

Response DefaultHttpResponse(decodeResult: success, version: HTTP/1.1)
HTTP/1.1 200 OK
content-type: application/json; charset=utf-8
cache-control: no-cache
content-length: 14
date: Sun, 04 Jun 2023 01:05:43 GMT

02:05:45.951 [AsyncHttpClient-1-2] DEBUG org.asynchttpclient.netty.channel.ChannelManager -- Adding key: http://localhost:29411 for channel [id: 0x4d66b2b8, L:/127.0.0.1:57263 - R:localhost/127.0.0.1:29411]
02:05:46.247 [AsyncHttpClient-1-1] DEBUG org.asynchttpclient.netty.channel.DefaultChannelPool -- Entry count for : http://localhost:29411 : 1
02:05:47.345 [AsyncHttpClient-1-1] DEBUG org.asynchttpclient.netty.channel.DefaultChannelPool -- Entry count for : http://localhost:29411 : 1
02:05:48.439 [AsyncHttpClient-1-1] DEBUG org.asynchttpclient.netty.channel.DefaultChannelPool -- Entry count for : http://localhost:29411 : 1
02:05:49.547 [AsyncHttpClient-1-1] DEBUG org.asynchttpclient.netty.channel.DefaultChannelPool -- Entry count for : http://localhost:29411 : 1
02:05:50.639 [AsyncHttpClient-1-1] DEBUG org.asynchttpclient.netty.channel.DefaultChannelPool -- Entry count for : http://localhost:29411 : 1
02:05:50.974 [Forwarding findElement on session a1ecd433-8c0c-43c7-850d-006c5622f942 to remote] DEBUG org.asynchttpclient.netty.request.NettyRequestSender -- Using pooled Channel '[id: 0x4d66b2b8, L:/127.0.0.1:57263 - R:localhost/127.0.0.1:29411]' for 'POST' to 'http://localhost:29411/session/a1ecd433-8c0c-43c7-850d-006c5622f942/element'
02:05:50.976 [Forwarding findElement on session a1ecd433-8c0c-43c7-850d-006c5622f942 to remote] DEBUG org.asynchttpclient.netty.request.NettyRequestSender -- Using open Channel [id: 0x4d66b2b8, L:/127.0.0.1:57263 - R:localhost/127.0.0.1:29411] for POST '/session/a1ecd433-8c0c-43c7-850d-006c5622f942/element'
02:05:51.001 [AsyncHttpClient-1-2] DEBUG org.asynchttpclient.netty.handler.HttpHandler -- 

Request DefaultHttpRequest(decodeResult: success, version: HTTP/1.1)
POST /session/a1ecd433-8c0c-43c7-850d-006c5622f942/element HTTP/1.1
User-Agent: selenium/4.9.1 (java windows)
Content-Length: 56
Content-Type: application/json; charset=utf-8
host: localhost:29411
accept: */*

Response DefaultHttpResponse(decodeResult: success, version: HTTP/1.1)
HTTP/1.1 200 OK
content-type: application/json; charset=utf-8
cache-control: no-cache
content-length: 88
date: Sun, 04 Jun 2023 01:05:50 GMT

02:05:51.003 [AsyncHttpClient-1-2] DEBUG org.asynchttpclient.netty.channel.ChannelManager -- Adding key: http://localhost:29411 for channel [id: 0x4d66b2b8, L:/127.0.0.1:57263 - R:localhost/127.0.0.1:29411]
02:05:51.016 [Forwarding clickElement on session a1ecd433-8c0c-43c7-850d-006c5622f942 to remote] DEBUG org.asynchttpclient.netty.request.NettyRequestSender -- Using pooled Channel '[id: 0x4d66b2b8, L:/127.0.0.1:57263 - R:localhost/127.0.0.1:29411]' for 'POST' to 'http://localhost:29411/session/a1ecd433-8c0c-43c7-850d-006c5622f942/element/e3696122-37be-4dcd-8627-e622333c9971/click'
02:05:51.017 [Forwarding clickElement on session a1ecd433-8c0c-43c7-850d-006c5622f942 to remote] DEBUG org.asynchttpclient.netty.request.NettyRequestSender -- Using open Channel [id: 0x4d66b2b8, L:/127.0.0.1:57263 - R:localhost/127.0.0.1:29411] for POST '/session/a1ecd433-8c0c-43c7-850d-006c5622f942/element/e3696122-37be-4dcd-8627-e622333c9971/click'
02:05:51.319 [AsyncHttpClient-1-2] DEBUG org.asynchttpclient.netty.handler.HttpHandler -- 

Request DefaultHttpRequest(decodeResult: success, version: HTTP/1.1)
POST /session/a1ecd433-8c0c-43c7-850d-006c5622f942/element/e3696122-37be-4dcd-8627-e622333c9971/click HTTP/1.1
User-Agent: selenium/4.9.1 (java windows)
Content-Length: 50
Content-Type: application/json; charset=utf-8
host: localhost:29411
accept: */*

Response DefaultHttpResponse(decodeResult: success, version: HTTP/1.1)
HTTP/1.1 200 OK
content-type: application/json; charset=utf-8
cache-control: no-cache
content-length: 14
date: Sun, 04 Jun 2023 01:05:50 GMT

02:05:51.320 [AsyncHttpClient-1-2] DEBUG org.asynchttpclient.netty.channel.ChannelManager -- Adding key: http://localhost:29411 for channel [id: 0x4d66b2b8, L:/127.0.0.1:57263 - R:localhost/127.0.0.1:29411]
02:05:51.323 [Forwarding findElement on session a1ecd433-8c0c-43c7-850d-006c5622f942 to remote] DEBUG org.asynchttpclient.netty.request.NettyRequestSender -- Using pooled Channel '[id: 0x4d66b2b8, L:/127.0.0.1:57263 - R:localhost/127.0.0.1:29411]' for 'POST' to 'http://localhost:29411/session/a1ecd433-8c0c-43c7-850d-006c5622f942/element'
02:05:51.324 [Forwarding findElement on session a1ecd433-8c0c-43c7-850d-006c5622f942 to remote] DEBUG org.asynchttpclient.netty.request.NettyRequestSender -- Using open Channel [id: 0x4d66b2b8, L:/127.0.0.1:57263 - R:localhost/127.0.0.1:29411] for POST '/session/a1ecd433-8c0c-43c7-850d-006c5622f942/element'
02:05:51.331 [AsyncHttpClient-1-2] DEBUG org.asynchttpclient.netty.handler.HttpHandler -- 

Request DefaultHttpRequest(decodeResult: success, version: HTTP/1.1)
POST /session/a1ecd433-8c0c-43c7-850d-006c5622f942/element HTTP/1.1
User-Agent: selenium/4.9.1 (java windows)
Content-Length: 67
Content-Type: application/json; charset=utf-8
host: localhost:29411
accept: */*

Response DefaultHttpResponse(decodeResult: success, version: HTTP/1.1)
HTTP/1.1 200 OK
content-type: application/json; charset=utf-8
cache-control: no-cache
content-length: 88
date: Sun, 04 Jun 2023 01:05:50 GMT

02:05:51.332 [AsyncHttpClient-1-2] DEBUG org.asynchttpclient.netty.channel.ChannelManager -- Adding key: http://localhost:29411 for channel [id: 0x4d66b2b8, L:/127.0.0.1:57263 - R:localhost/127.0.0.1:29411]
02:05:51.334 [Forwarding clickElement on session a1ecd433-8c0c-43c7-850d-006c5622f942 to remote] DEBUG org.asynchttpclient.netty.request.NettyRequestSender -- Using pooled Channel '[id: 0x4d66b2b8, L:/127.0.0.1:57263 - R:localhost/127.0.0.1:29411]' for 'POST' to 'http://localhost:29411/session/a1ecd433-8c0c-43c7-850d-006c5622f942/element/392b3ba4-4669-4f1a-8b51-2b71322e3cf2/click'
02:05:51.335 [Forwarding clickElement on session a1ecd433-8c0c-43c7-850d-006c5622f942 to remote] DEBUG org.asynchttpclient.netty.request.NettyRequestSender -- Using open Channel [id: 0x4d66b2b8, L:/127.0.0.1:57263 - R:localhost/127.0.0.1:29411] for POST '/session/a1ecd433-8c0c-43c7-850d-006c5622f942/element/392b3ba4-4669-4f1a-8b51-2b71322e3cf2/click'
02:05:51.636 [AsyncHttpClient-1-2] DEBUG org.asynchttpclient.netty.handler.HttpHandler -- 

Request DefaultHttpRequest(decodeResult: success, version: HTTP/1.1)
POST /session/a1ecd433-8c0c-43c7-850d-006c5622f942/element/392b3ba4-4669-4f1a-8b51-2b71322e3cf2/click HTTP/1.1
User-Agent: selenium/4.9.1 (java windows)
Content-Length: 50
Content-Type: application/json; charset=utf-8
host: localhost:29411
accept: */*

Response DefaultHttpResponse(decodeResult: success, version: HTTP/1.1)
HTTP/1.1 200 OK
content-type: application/json; charset=utf-8
cache-control: no-cache
content-length: 14
date: Sun, 04 Jun 2023 01:05:50 GMT

02:05:51.638 [AsyncHttpClient-1-2] DEBUG org.asynchttpclient.netty.channel.ChannelManager -- Adding key: http://localhost:29411 for channel [id: 0x4d66b2b8, L:/127.0.0.1:57263 - R:localhost/127.0.0.1:29411]
02:05:51.765 [AsyncHttpClient-1-1] DEBUG org.asynchttpclient.netty.channel.DefaultChannelPool -- Entry count for : http://localhost:29411 : 1
]]></system-out>
    <system-err><![CDATA[1685840727963	geckodriver	INFO	Listening on 127.0.0.1:29411
1685840729330	mozrunner::runner	INFO	Running command: "C:\\Program Files\\Mozilla Firefox\\firefox.exe" "--marionette" "--remote-debugging-port" "3891" "--remote- ... /localhost:3891/,http://[::1]:3891/" "-no-remote" "-profile" "C:\\Users\\hassen\\AppData\\Local\\Temp\\rust_mozprofileuMEJdz"
console.warn: services.settings: Ignoring preference override of remote settings server
console.warn: services.settings: Allow by setting MOZ_REMOTE_SETTINGS_DEVTOOLS=1 in the environment
1685840729928	Marionette	INFO	Marionette enabled
Dynamically enable window occlusion 0
1685840729942	Marionette	INFO	Listening on port 57266
Read port: 57266
WebDriver BiDi listening on ws://127.0.0.1:3891
1685840730326	RemoteAgent	WARN	TLS certificate errors will be ignored for this session
[ERROR glean_core] Error setting metrics feature config: Json(Error("EOF while parsing a value", line: 1, column: 0))
DevTools listening on ws://127.0.0.1:3891/devtools/browser/6c7b35d4-d35b-4d89-a210-987ca9d643d4
JavaScript error: https://www.tutorialspoint.com/static/js/localization.js?v=3.2, line 78: TypeError: undefined currency in NumberFormat() with currency style
JavaScript warning: https://www.tutorialspoint.com/market/public/assets/js/bs/auth.js?v=1.07, line 441: unreachable code after return statement
JavaScript warning: https://www.tutorialspoint.com/market/public/assets/js/bs/auth.js?v=1.07, line 776: unreachable code after return statement
JavaScript error: https://www.tutorialspoint.com/market/login.asp line 2 > injectedScript, line 23: TypeError: this[0] is undefined
JavaScript error: https://www.tutorialspoint.com/market/login.asp line 2 > injectedScript, line 23: TypeError: this[0] is undefined
JavaScript error: https://www.tutorialspoint.com/market/login.asp line 2 > injectedScript, line 23: TypeError: this[0] is undefined
JavaScript error: https://www.tutorialspoint.com/market/login.asp line 2 > injectedScript, line 23: TypeError: this[0] is undefined
JavaScript error: https://www.tutorialspoint.com/market/login.asp line 2 > injectedScript, line 23: TypeError: this[0] is undefined
JavaScript error: https://www.tutorialspoint.com/market/login.asp line 2 > injectedScript, line 23: TypeError: this[0] is undefined
JavaScript error: https://www.tutorialspoint.com/market/login.asp line 2 > injectedScript, line 23: TypeError: this[0] is undefined
JavaScript error: https://www.tutorialspoint.com/market/login.asp line 2 > injectedScript, line 23: TypeError: this[0] is undefined
console.warn: LoginRecipes: "Falling back to a synchronous message for: https://www.tutorialspoint.com."
console.warn: LoginRecipes: "Falling back to a synchronous message for: https://www.tutorialspoint.com."
[Child 45180, Main Thread] WARNING: JSWindowActorChild::SendRawMessage (MarionetteCommands, MarionetteCommandsParent:findElement) not sent: !CanSend() || !mManager || !mManager->CanSend(): file /builds/worker/checkouts/gecko/dom/ipc/jsactor/JSWindowActorChild.cpp:57
JavaScript error: , line 0: TypeError: NetworkError when attempting to fetch resource.
]]></system-err>
  </testcase>
</testsuite>